#
# There is insufficient memory for the Java Runtime Environment to continue.
# Native memory allocation (malloc) failed to allocate 160976 bytes for Chunk::new
# Possible reasons:
#   The system is out of physical RAM or swap space
#   The process is running with CompressedOops enabled, and the Java Heap may be blocking the growth of the native heap
# Possible solutions:
#   Reduce memory load on the system
#   Increase physical memory or swap space
#   Check if swap backing store is full
#   Decrease Java heap size (-Xmx/-Xms)
#   Decrease number of Java threads
#   Decrease Java thread stack sizes (-Xss)
#   Set larger code cache with -XX:ReservedCodeCacheSize=
#   JVM is running with Zero Based Compressed Oops mode in which the Java heap is
#     placed in the first 32GB address space. The Java Heap base address is the
#     maximum limit for the native heap growth. Please use -XX:HeapBaseMinAddress
#     to set the Java Heap base and to place the Java Heap above 32GB virtual address.
# This output file may be truncated or incomplete.
#
#  Out of Memory Error (./src/hotspot/share/memory/arena.cpp:197), pid=6048, tid=16940
#
# JRE version: OpenJDK Runtime Environment Corretto-11.0.15.9.1 (11.0.15+9) (build 11.0.15+9-LTS)
# Java VM: OpenJDK 64-Bit Server VM Corretto-11.0.15.9.1 (11.0.15+9-LTS, mixed mode, tiered, compressed oops, g1 gc, windows-amd64)
# No core dump will be written. Minidumps are not enabled by default on client versions of Windows
#

---------------  S U M M A R Y ------------

Command Line: -javaagent:C:\Program Files\JetBrains\IntelliJ IDEA Community Edition 2021.1.3\lib\idea_rt.jar=54765:C:\Program Files\JetBrains\IntelliJ IDEA Community Edition 2021.1.3\bin -Dfile.encoding=UTF-8 com.hospital.management.ManagementApplication

Host: Intel(R) Core(TM) i7-8550U CPU @ 1.80GHz, 8 cores, 15G,  Windows 11 , 64 bit Build 22000 (10.0.22000.1880)
Time: Wed Jun  7 16:25:24 2023 GTB Summer Time elapsed time: 57.418707 seconds (0d 0h 0m 57s)

---------------  T H R E A D  ---------------

Current thread (0x00000138e1b16000):  JavaThread "C2 CompilerThread2" daemon [_thread_in_native, id=16940, stack(0x0000000492300000,0x0000000492400000)]


Current CompileTask:
C2:  57418 8675       4       org.modelmapper.internal.bytebuddy.description.method.MethodList$TypeSubstituting::get (6 bytes)

Stack: [0x0000000492300000,0x0000000492400000]
Native frames: (J=compiled Java code, j=interpreted, Vv=VM code, C=native code)
V  [jvm.dll+0x61e7ba]
V  [jvm.dll+0x7ab749]
V  [jvm.dll+0x7ace38]
V  [jvm.dll+0x7ad513]
V  [jvm.dll+0x24f968]
V  [jvm.dll+0xc262c]
V  [jvm.dll+0xc2bec]
V  [jvm.dll+0x359ba7]
V  [jvm.dll+0x325b23]
V  [jvm.dll+0x324e5a]
V  [jvm.dll+0x208da5]
V  [jvm.dll+0x207f8d]
V  [jvm.dll+0x18a371]
V  [jvm.dll+0x2176e4]
V  [jvm.dll+0x21592b]
V  [jvm.dll+0x76e250]
V  [jvm.dll+0x7671b4]
V  [jvm.dll+0x61d616]
C  [ucrtbase.dll+0x26c0c]
C  [KERNEL32.DLL+0x155a0]
C  [ntdll.dll+0x485b]


---------------  P R O C E S S  ---------------

Threads class SMR info:
_java_thread_list=0x00000138df299c30, length=31, elements={
0x00000138da3a2000, 0x00000138da3ab000, 0x00000138da3f3800, 0x00000138da3f4000,
0x00000138da3f8000, 0x00000138da3fb000, 0x00000138da3ff800, 0x00000138da40a800,
0x00000138da380800, 0x00000138da6fb000, 0x00000138dba43800, 0x00000138dc7ac800,
0x00000138dc58b000, 0x00000138dfcce000, 0x00000138de804000, 0x00000138de806800,
0x00000138de803000, 0x00000138de805000, 0x00000138de805800, 0x00000138de801000,
0x00000138de802800, 0x00000138de807800, 0x00000138de801800, 0x00000138de809000,
0x00000138de80a800, 0x00000138de80a000, 0x00000138de80e000, 0x00000138de80b800,
0x00000138de80c000, 0x00000138da5ab800, 0x00000138e1b16000
}

Java Threads: ( => current thread )
  0x00000138da3a2000 JavaThread "Reference Handler" daemon [_thread_blocked, id=14848, stack(0x0000000491700000,0x0000000491800000)]
  0x00000138da3ab000 JavaThread "Finalizer" daemon [_thread_blocked, id=19048, stack(0x0000000491800000,0x0000000491900000)]
  0x00000138da3f3800 JavaThread "Signal Dispatcher" daemon [_thread_blocked, id=8936, stack(0x0000000491900000,0x0000000491a00000)]
  0x00000138da3f4000 JavaThread "Attach Listener" daemon [_thread_blocked, id=3228, stack(0x0000000491a00000,0x0000000491b00000)]
  0x00000138da3f8000 JavaThread "Service Thread" daemon [_thread_blocked, id=11012, stack(0x0000000491b00000,0x0000000491c00000)]
  0x00000138da3fb000 JavaThread "C2 CompilerThread0" daemon [_thread_in_native, id=5080, stack(0x0000000491c00000,0x0000000491d00000)]
  0x00000138da3ff800 JavaThread "C1 CompilerThread0" daemon [_thread_blocked, id=2680, stack(0x0000000491d00000,0x0000000491e00000)]
  0x00000138da40a800 JavaThread "Sweeper thread" daemon [_thread_blocked, id=18068, stack(0x0000000491e00000,0x0000000491f00000)]
  0x00000138da380800 JavaThread "Common-Cleaner" daemon [_thread_blocked, id=16244, stack(0x0000000491f00000,0x0000000492000000)]
  0x00000138da6fb000 JavaThread "Monitor Ctrl-Break" daemon [_thread_in_native, id=16412, stack(0x0000000492100000,0x0000000492200000)]
  0x00000138dba43800 JavaThread "HikariPool-1 housekeeper" daemon [_thread_blocked, id=11544, stack(0x0000000492f00000,0x0000000493000000)]
  0x00000138dc7ac800 JavaThread "Catalina-utility-1" [_thread_blocked, id=3400, stack(0x0000000493100000,0x0000000493200000)]
  0x00000138dc58b000 JavaThread "Catalina-utility-2" [_thread_blocked, id=10752, stack(0x0000000493200000,0x0000000493300000)]
  0x00000138dfcce000 JavaThread "container-0" [_thread_blocked, id=20356, stack(0x0000000493300000,0x0000000493400000)]
  0x00000138de804000 JavaThread "File Watcher" daemon [_thread_blocked, id=13096, stack(0x0000000493400000,0x0000000493500000)]
  0x00000138de806800 JavaThread "Live Reload Server" daemon [_thread_in_native, id=13112, stack(0x0000000493700000,0x0000000493800000)]
  0x00000138de803000 JavaThread "http-nio-8088-exec-1" daemon [_thread_blocked, id=10292, stack(0x0000000493600000,0x0000000493700000)]
  0x00000138de805000 JavaThread "http-nio-8088-exec-2" daemon [_thread_blocked, id=19440, stack(0x0000000493800000,0x0000000493900000)]
  0x00000138de805800 JavaThread "http-nio-8088-exec-3" daemon [_thread_blocked, id=5440, stack(0x0000000493900000,0x0000000493a00000)]
  0x00000138de801000 JavaThread "http-nio-8088-exec-4" daemon [_thread_in_vm, id=19272, stack(0x0000000493a00000,0x0000000493b00000)]
  0x00000138de802800 JavaThread "http-nio-8088-exec-5" daemon [_thread_blocked, id=11688, stack(0x0000000493b00000,0x0000000493c00000)]
  0x00000138de807800 JavaThread "http-nio-8088-exec-6" daemon [_thread_blocked, id=7472, stack(0x0000000493c00000,0x0000000493d00000)]
  0x00000138de801800 JavaThread "http-nio-8088-exec-7" daemon [_thread_blocked, id=10176, stack(0x0000000493d00000,0x0000000493e00000)]
  0x00000138de809000 JavaThread "http-nio-8088-exec-8" daemon [_thread_blocked, id=18912, stack(0x0000000493e00000,0x0000000493f00000)]
  0x00000138de80a800 JavaThread "http-nio-8088-exec-9" daemon [_thread_blocked, id=19200, stack(0x0000000493f00000,0x0000000494000000)]
  0x00000138de80a000 JavaThread "http-nio-8088-exec-10" daemon [_thread_blocked, id=12964, stack(0x0000000494000000,0x0000000494100000)]
  0x00000138de80e000 JavaThread "http-nio-8088-Poller" daemon [_thread_in_native, id=10284, stack(0x0000000494100000,0x0000000494200000)]
  0x00000138de80b800 JavaThread "http-nio-8088-Acceptor" daemon [_thread_in_native, id=5400, stack(0x0000000494200000,0x0000000494300000)]
  0x00000138de80c000 JavaThread "DestroyJavaVM" [_thread_blocked, id=7364, stack(0x0000000491000000,0x0000000491100000)]
  0x00000138da5ab800 JavaThread "C2 CompilerThread1" daemon [_thread_in_native, id=3144, stack(0x0000000492000000,0x0000000492100000)]
=>0x00000138e1b16000 JavaThread "C2 CompilerThread2" daemon [_thread_in_native, id=16940, stack(0x0000000492300000,0x0000000492400000)]

Other Threads:
  0x00000138d9aed000 VMThread "VM Thread" [stack: 0x0000000491600000,0x0000000491700000] [id=6012]
  0x00000138da6fc000 WatcherThread [stack: 0x0000000492200000,0x0000000492300000] [id=18828]
  0x00000138b5da9800 GCTaskThread "GC Thread#0" [stack: 0x0000000491100000,0x0000000491200000] [id=19488]
  0x00000138db6ad800 GCTaskThread "GC Thread#1" [stack: 0x0000000492400000,0x0000000492500000] [id=11032]
  0x00000138db325800 GCTaskThread "GC Thread#2" [stack: 0x0000000492500000,0x0000000492600000] [id=12376]
  0x00000138dba61800 GCTaskThread "GC Thread#3" [stack: 0x0000000492600000,0x0000000492700000] [id=10772]
  0x00000138dc320800 GCTaskThread "GC Thread#4" [stack: 0x0000000492700000,0x0000000492800000] [id=5332]
  0x00000138db349000 GCTaskThread "GC Thread#5" [stack: 0x0000000492800000,0x0000000492900000] [id=18592]
  0x00000138dbeb8000 GCTaskThread "GC Thread#6" [stack: 0x0000000492c00000,0x0000000492d00000] [id=18476]
  0x00000138dbdb2000 GCTaskThread "GC Thread#7" [stack: 0x0000000492d00000,0x0000000492e00000] [id=19304]
  0x00000138b5e07800 ConcurrentGCThread "G1 Main Marker" [stack: 0x0000000491200000,0x0000000491300000] [id=19568]
  0x00000138b5e0a800 ConcurrentGCThread "G1 Conc#0" [stack: 0x0000000491300000,0x0000000491400000] [id=18116]
  0x00000138dbd11000 ConcurrentGCThread "G1 Conc#1" [stack: 0x0000000492e00000,0x0000000492f00000] [id=7848]
  0x00000138d99d4800 ConcurrentGCThread "G1 Refine#0" [stack: 0x0000000491400000,0x0000000491500000] [id=18564]
  0x00000138df3cd000 ConcurrentGCThread "G1 Refine#1" [stack: 0x0000000493500000,0x0000000493600000] [id=18784]
  0x00000138d99d7800 ConcurrentGCThread "G1 Young RemSet Sampling" [stack: 0x0000000491500000,0x0000000491600000] [id=13580]

Threads with active compile tasks:
C2 CompilerThread0    57476 8695       4       org.modelmapper.internal.bytebuddy.implementation.bytecode.StackManipulation$Compound::<init> (90 bytes)
C1 CompilerThread0    57476 8722       3       java.lang.ClassLoader::<init> (165 bytes)
C2 CompilerThread1    57476 8685       4       org.modelmapper.internal.bytebuddy.dynamic.scaffold.MethodGraph$Compiler$Default$Key$Harmonized::detach (80 bytes)
C2 CompilerThread2    57476 8675       4       org.modelmapper.internal.bytebuddy.description.method.MethodList$TypeSubstituting::get (6 bytes)

VM state:not at safepoint (normal execution)

VM Mutex/Monitor currently owned by a thread: None

Heap address: 0x0000000701a00000, size: 4070 MB, Compressed Oops mode: Zero based, Oop shift amount: 3
Narrow klass base: 0x0000000800000000, Narrow klass shift: 0
Compressed class space size: 1073741824 Address: 0x0000000800000000

Heap:
 garbage-first heap   total 315392K, used 83597K [0x0000000701a00000, 0x0000000800000000)
  region size 1024K, 50 young (51200K), 7 survivors (7168K)
 Metaspace       used 85311K, capacity 87654K, committed 87936K, reserved 1126400K
  class space    used 10754K, capacity 11606K, committed 11648K, reserved 1048576K
Heap Regions: E=young(eden), S=young(survivor), O=old, HS=humongous(starts), HC=humongous(continues), CS=collection set, F=free, A=archive, TAMS=top-at-mark-start (previous, next)
|   0|0x0000000701a00000, 0x0000000701b00000, 0x0000000701b00000|100%|HS|  |TAMS 0x0000000701b00000, 0x0000000701a00000| Complete 
|   1|0x0000000701b00000, 0x0000000701c00000, 0x0000000701c00000|100%| O|  |TAMS 0x0000000701c00000, 0x0000000701b00000| Untracked 
|   2|0x0000000701c00000, 0x0000000701d00000, 0x0000000701d00000|100%| O|  |TAMS 0x0000000701d00000, 0x0000000701c00000| Untracked 
|   3|0x0000000701d00000, 0x0000000701e00000, 0x0000000701e00000|100%| O|  |TAMS 0x0000000701e00000, 0x0000000701d00000| Untracked 
|   4|0x0000000701e00000, 0x0000000701f00000, 0x0000000701f00000|100%| O|  |TAMS 0x0000000701f00000, 0x0000000701e00000| Untracked 
|   5|0x0000000701f00000, 0x0000000702000000, 0x0000000702000000|100%| O|  |TAMS 0x0000000702000000, 0x0000000701f00000| Untracked 
|   6|0x0000000702000000, 0x0000000702100000, 0x0000000702100000|100%| O|  |TAMS 0x0000000702100000, 0x0000000702000000| Untracked 
|   7|0x0000000702100000, 0x0000000702200000, 0x0000000702200000|100%| O|  |TAMS 0x0000000702200000, 0x0000000702100000| Untracked 
|   8|0x0000000702200000, 0x0000000702300000, 0x0000000702300000|100%| O|  |TAMS 0x0000000702300000, 0x0000000702200000| Untracked 
|   9|0x0000000702300000, 0x0000000702400000, 0x0000000702400000|100%| O|  |TAMS 0x0000000702400000, 0x0000000702300000| Untracked 
|  10|0x0000000702400000, 0x0000000702500000, 0x0000000702500000|100%| O|  |TAMS 0x0000000702500000, 0x0000000702400000| Untracked 
|  11|0x0000000702500000, 0x0000000702600000, 0x0000000702600000|100%| O|  |TAMS 0x0000000702600000, 0x0000000702500000| Untracked 
|  12|0x0000000702600000, 0x0000000702700000, 0x0000000702700000|100%| O|  |TAMS 0x0000000702700000, 0x0000000702600000| Untracked 
|  13|0x0000000702700000, 0x0000000702800000, 0x0000000702800000|100%| O|  |TAMS 0x0000000702800000, 0x0000000702700000| Untracked 
|  14|0x0000000702800000, 0x0000000702900000, 0x0000000702900000|100%| O|  |TAMS 0x0000000702900000, 0x0000000702800000| Untracked 
|  15|0x0000000702900000, 0x0000000702a00000, 0x0000000702a00000|100%| O|  |TAMS 0x0000000702a00000, 0x0000000702900000| Untracked 
|  16|0x0000000702a00000, 0x0000000702b00000, 0x0000000702b00000|100%| O|  |TAMS 0x0000000702a87a00, 0x0000000702a00000| Untracked 
|  17|0x0000000702b00000, 0x0000000702c00000, 0x0000000702c00000|100%| O|  |TAMS 0x0000000702b00000, 0x0000000702b00000| Untracked 
|  18|0x0000000702c00000, 0x0000000702d00000, 0x0000000702d00000|100%| O|  |TAMS 0x0000000702c00000, 0x0000000702c00000| Untracked 
|  19|0x0000000702d00000, 0x0000000702e00000, 0x0000000702e00000|100%| O|  |TAMS 0x0000000702d00000, 0x0000000702d00000| Untracked 
|  20|0x0000000702e00000, 0x0000000702f00000, 0x0000000702f00000|100%| O|  |TAMS 0x0000000702e00000, 0x0000000702e00000| Untracked 
|  21|0x0000000702f00000, 0x0000000703000000, 0x0000000703000000|100%| O|  |TAMS 0x0000000702f00000, 0x0000000702f00000| Untracked 
|  22|0x0000000703000000, 0x0000000703100000, 0x0000000703100000|100%| O|  |TAMS 0x0000000703000000, 0x0000000703000000| Untracked 
|  23|0x0000000703100000, 0x0000000703200000, 0x0000000703200000|100%| O|  |TAMS 0x0000000703100000, 0x0000000703100000| Untracked 
|  24|0x0000000703200000, 0x0000000703300000, 0x0000000703300000|100%| O|  |TAMS 0x0000000703200000, 0x0000000703200000| Untracked 
|  25|0x0000000703300000, 0x0000000703400000, 0x0000000703400000|100%| O|  |TAMS 0x0000000703300000, 0x0000000703300000| Untracked 
|  26|0x0000000703400000, 0x0000000703500000, 0x0000000703500000|100%| O|  |TAMS 0x0000000703400000, 0x0000000703400000| Untracked 
|  27|0x0000000703500000, 0x0000000703600000, 0x0000000703600000|100%| O|  |TAMS 0x0000000703500000, 0x0000000703500000| Untracked 
|  28|0x0000000703600000, 0x0000000703700000, 0x0000000703700000|100%| O|  |TAMS 0x0000000703600000, 0x0000000703600000| Untracked 
|  29|0x0000000703700000, 0x0000000703800000, 0x0000000703800000|100%| O|  |TAMS 0x0000000703700000, 0x0000000703700000| Untracked 
|  30|0x0000000703800000, 0x0000000703900000, 0x0000000703900000|100%| O|  |TAMS 0x0000000703800000, 0x0000000703800000| Untracked 
|  31|0x0000000703900000, 0x0000000703a00000, 0x0000000703a00000|100%| O|  |TAMS 0x0000000703900000, 0x0000000703900000| Untracked 
|  32|0x0000000703a00000, 0x0000000703ac2400, 0x0000000703b00000| 75%| O|  |TAMS 0x0000000703a00000, 0x0000000703a00000| Untracked 
|  33|0x0000000703b00000, 0x0000000703b00000, 0x0000000703c00000|  0%| F|  |TAMS 0x0000000703b00000, 0x0000000703b00000| Untracked 
|  34|0x0000000703c00000, 0x0000000703c00000, 0x0000000703d00000|  0%| F|  |TAMS 0x0000000703c00000, 0x0000000703c00000| Untracked 
|  35|0x0000000703d00000, 0x0000000703d00000, 0x0000000703e00000|  0%| F|  |TAMS 0x0000000703d00000, 0x0000000703d00000| Untracked 
|  36|0x0000000703e00000, 0x0000000703e00000, 0x0000000703f00000|  0%| F|  |TAMS 0x0000000703e00000, 0x0000000703e00000| Untracked 
|  37|0x0000000703f00000, 0x0000000703f00000, 0x0000000704000000|  0%| F|  |TAMS 0x0000000703f00000, 0x0000000703f00000| Untracked 
|  38|0x0000000704000000, 0x0000000704000000, 0x0000000704100000|  0%| F|  |TAMS 0x0000000704000000, 0x0000000704000000| Untracked 
|  39|0x0000000704100000, 0x0000000704100000, 0x0000000704200000|  0%| F|  |TAMS 0x0000000704100000, 0x0000000704100000| Untracked 
|  40|0x0000000704200000, 0x0000000704200000, 0x0000000704300000|  0%| F|  |TAMS 0x0000000704200000, 0x0000000704200000| Untracked 
|  41|0x0000000704300000, 0x0000000704300000, 0x0000000704400000|  0%| F|  |TAMS 0x0000000704300000, 0x0000000704300000| Untracked 
|  42|0x0000000704400000, 0x0000000704400000, 0x0000000704500000|  0%| F|  |TAMS 0x0000000704400000, 0x0000000704400000| Untracked 
|  43|0x0000000704500000, 0x0000000704500000, 0x0000000704600000|  0%| F|  |TAMS 0x0000000704500000, 0x0000000704500000| Untracked 
|  44|0x0000000704600000, 0x0000000704600000, 0x0000000704700000|  0%| F|  |TAMS 0x0000000704600000, 0x0000000704600000| Untracked 
|  45|0x0000000704700000, 0x0000000704700000, 0x0000000704800000|  0%| F|  |TAMS 0x0000000704700000, 0x0000000704700000| Untracked 
|  46|0x0000000704800000, 0x0000000704800000, 0x0000000704900000|  0%| F|  |TAMS 0x0000000704800000, 0x0000000704800000| Untracked 
|  47|0x0000000704900000, 0x0000000704900000, 0x0000000704a00000|  0%| F|  |TAMS 0x0000000704900000, 0x0000000704900000| Untracked 
|  48|0x0000000704a00000, 0x0000000704a00000, 0x0000000704b00000|  0%| F|  |TAMS 0x0000000704a00000, 0x0000000704a00000| Untracked 
|  49|0x0000000704b00000, 0x0000000704b00000, 0x0000000704c00000|  0%| F|  |TAMS 0x0000000704b00000, 0x0000000704b00000| Untracked 
|  50|0x0000000704c00000, 0x0000000704c00000, 0x0000000704d00000|  0%| F|  |TAMS 0x0000000704c00000, 0x0000000704c00000| Untracked 
|  51|0x0000000704d00000, 0x0000000704d00000, 0x0000000704e00000|  0%| F|  |TAMS 0x0000000704d00000, 0x0000000704d00000| Untracked 
|  52|0x0000000704e00000, 0x0000000704e00000, 0x0000000704f00000|  0%| F|  |TAMS 0x0000000704e00000, 0x0000000704e00000| Untracked 
|  53|0x0000000704f00000, 0x0000000704f00000, 0x0000000705000000|  0%| F|  |TAMS 0x0000000704f00000, 0x0000000704f00000| Untracked 
|  54|0x0000000705000000, 0x0000000705000000, 0x0000000705100000|  0%| F|  |TAMS 0x0000000705000000, 0x0000000705000000| Untracked 
|  55|0x0000000705100000, 0x0000000705100000, 0x0000000705200000|  0%| F|  |TAMS 0x0000000705100000, 0x0000000705100000| Untracked 
|  56|0x0000000705200000, 0x0000000705200000, 0x0000000705300000|  0%| F|  |TAMS 0x0000000705200000, 0x0000000705200000| Untracked 
|  57|0x0000000705300000, 0x0000000705300000, 0x0000000705400000|  0%| F|  |TAMS 0x0000000705300000, 0x0000000705300000| Untracked 
|  58|0x0000000705400000, 0x0000000705400000, 0x0000000705500000|  0%| F|  |TAMS 0x0000000705400000, 0x0000000705400000| Untracked 
|  59|0x0000000705500000, 0x0000000705500000, 0x0000000705600000|  0%| F|  |TAMS 0x0000000705500000, 0x0000000705500000| Untracked 
|  60|0x0000000705600000, 0x0000000705600000, 0x0000000705700000|  0%| F|  |TAMS 0x0000000705600000, 0x0000000705600000| Untracked 
|  61|0x0000000705700000, 0x0000000705700000, 0x0000000705800000|  0%| F|  |TAMS 0x0000000705700000, 0x0000000705700000| Untracked 
|  62|0x0000000705800000, 0x0000000705800000, 0x0000000705900000|  0%| F|  |TAMS 0x0000000705800000, 0x0000000705800000| Untracked 
|  63|0x0000000705900000, 0x0000000705900000, 0x0000000705a00000|  0%| F|  |TAMS 0x0000000705900000, 0x0000000705900000| Untracked 
|  64|0x0000000705a00000, 0x0000000705a00000, 0x0000000705b00000|  0%| F|  |TAMS 0x0000000705a00000, 0x0000000705a00000| Untracked 
|  65|0x0000000705b00000, 0x0000000705b00000, 0x0000000705c00000|  0%| F|  |TAMS 0x0000000705b00000, 0x0000000705b00000| Untracked 
|  66|0x0000000705c00000, 0x0000000705c00000, 0x0000000705d00000|  0%| F|  |TAMS 0x0000000705c00000, 0x0000000705c00000| Untracked 
|  67|0x0000000705d00000, 0x0000000705d00000, 0x0000000705e00000|  0%| F|  |TAMS 0x0000000705d00000, 0x0000000705d00000| Untracked 
|  68|0x0000000705e00000, 0x0000000705e00000, 0x0000000705f00000|  0%| F|  |TAMS 0x0000000705e00000, 0x0000000705e00000| Untracked 
|  69|0x0000000705f00000, 0x0000000705f00000, 0x0000000706000000|  0%| F|  |TAMS 0x0000000705f00000, 0x0000000705f00000| Untracked 
|  70|0x0000000706000000, 0x0000000706000000, 0x0000000706100000|  0%| F|  |TAMS 0x0000000706000000, 0x0000000706000000| Untracked 
|  71|0x0000000706100000, 0x0000000706100000, 0x0000000706200000|  0%| F|  |TAMS 0x0000000706100000, 0x0000000706100000| Untracked 
|  72|0x0000000706200000, 0x0000000706200000, 0x0000000706300000|  0%| F|  |TAMS 0x0000000706200000, 0x0000000706200000| Untracked 
|  73|0x0000000706300000, 0x0000000706300000, 0x0000000706400000|  0%| F|  |TAMS 0x0000000706300000, 0x0000000706300000| Untracked 
|  74|0x0000000706400000, 0x0000000706400000, 0x0000000706500000|  0%| F|  |TAMS 0x0000000706400000, 0x0000000706400000| Untracked 
|  75|0x0000000706500000, 0x0000000706500000, 0x0000000706600000|  0%| F|  |TAMS 0x0000000706500000, 0x0000000706500000| Untracked 
|  76|0x0000000706600000, 0x0000000706600000, 0x0000000706700000|  0%| F|  |TAMS 0x0000000706600000, 0x0000000706600000| Untracked 
|  77|0x0000000706700000, 0x0000000706700000, 0x0000000706800000|  0%| F|  |TAMS 0x0000000706700000, 0x0000000706700000| Untracked 
|  78|0x0000000706800000, 0x0000000706800000, 0x0000000706900000|  0%| F|  |TAMS 0x0000000706800000, 0x0000000706800000| Untracked 
|  79|0x0000000706900000, 0x0000000706900000, 0x0000000706a00000|  0%| F|  |TAMS 0x0000000706900000, 0x0000000706900000| Untracked 
|  80|0x0000000706a00000, 0x0000000706a00000, 0x0000000706b00000|  0%| F|  |TAMS 0x0000000706a00000, 0x0000000706a00000| Untracked 
|  81|0x0000000706b00000, 0x0000000706b00000, 0x0000000706c00000|  0%| F|  |TAMS 0x0000000706b00000, 0x0000000706b00000| Untracked 
|  82|0x0000000706c00000, 0x0000000706c00000, 0x0000000706d00000|  0%| F|  |TAMS 0x0000000706c00000, 0x0000000706c00000| Untracked 
|  83|0x0000000706d00000, 0x0000000706d00000, 0x0000000706e00000|  0%| F|  |TAMS 0x0000000706d00000, 0x0000000706d00000| Untracked 
|  84|0x0000000706e00000, 0x0000000706e00000, 0x0000000706f00000|  0%| F|  |TAMS 0x0000000706e00000, 0x0000000706e00000| Untracked 
|  85|0x0000000706f00000, 0x0000000706f00000, 0x0000000707000000|  0%| F|  |TAMS 0x0000000706f00000, 0x0000000706f00000| Untracked 
|  86|0x0000000707000000, 0x0000000707000000, 0x0000000707100000|  0%| F|  |TAMS 0x0000000707000000, 0x0000000707000000| Untracked 
|  87|0x0000000707100000, 0x0000000707100000, 0x0000000707200000|  0%| F|  |TAMS 0x0000000707100000, 0x0000000707100000| Untracked 
|  88|0x0000000707200000, 0x0000000707200000, 0x0000000707300000|  0%| F|  |TAMS 0x0000000707200000, 0x0000000707200000| Untracked 
|  89|0x0000000707300000, 0x0000000707300000, 0x0000000707400000|  0%| F|  |TAMS 0x0000000707300000, 0x0000000707300000| Untracked 
|  90|0x0000000707400000, 0x0000000707400000, 0x0000000707500000|  0%| F|  |TAMS 0x0000000707400000, 0x0000000707400000| Untracked 
|  91|0x0000000707500000, 0x0000000707500000, 0x0000000707600000|  0%| F|  |TAMS 0x0000000707500000, 0x0000000707500000| Untracked 
|  92|0x0000000707600000, 0x0000000707600000, 0x0000000707700000|  0%| F|  |TAMS 0x0000000707600000, 0x0000000707600000| Untracked 
|  93|0x0000000707700000, 0x0000000707700000, 0x0000000707800000|  0%| F|  |TAMS 0x0000000707700000, 0x0000000707700000| Untracked 
|  94|0x0000000707800000, 0x0000000707800000, 0x0000000707900000|  0%| F|  |TAMS 0x0000000707800000, 0x0000000707800000| Untracked 
|  95|0x0000000707900000, 0x0000000707900000, 0x0000000707a00000|  0%| F|  |TAMS 0x0000000707900000, 0x0000000707900000| Untracked 
|  96|0x0000000707a00000, 0x0000000707a00000, 0x0000000707b00000|  0%| F|  |TAMS 0x0000000707a00000, 0x0000000707a00000| Untracked 
|  97|0x0000000707b00000, 0x0000000707b00000, 0x0000000707c00000|  0%| F|  |TAMS 0x0000000707b00000, 0x0000000707b00000| Untracked 
|  98|0x0000000707c00000, 0x0000000707c00000, 0x0000000707d00000|  0%| F|  |TAMS 0x0000000707c00000, 0x0000000707c00000| Untracked 
|  99|0x0000000707d00000, 0x0000000707d00000, 0x0000000707e00000|  0%| F|  |TAMS 0x0000000707d00000, 0x0000000707d00000| Untracked 
| 100|0x0000000707e00000, 0x0000000707e00000, 0x0000000707f00000|  0%| F|  |TAMS 0x0000000707e00000, 0x0000000707e00000| Untracked 
| 101|0x0000000707f00000, 0x0000000707f00000, 0x0000000708000000|  0%| F|  |TAMS 0x0000000707f00000, 0x0000000707f00000| Untracked 
| 102|0x0000000708000000, 0x0000000708000000, 0x0000000708100000|  0%| F|  |TAMS 0x0000000708000000, 0x0000000708000000| Untracked 
| 103|0x0000000708100000, 0x0000000708100000, 0x0000000708200000|  0%| F|  |TAMS 0x0000000708100000, 0x0000000708100000| Untracked 
| 104|0x0000000708200000, 0x0000000708200000, 0x0000000708300000|  0%| F|  |TAMS 0x0000000708200000, 0x0000000708200000| Untracked 
| 105|0x0000000708300000, 0x0000000708300000, 0x0000000708400000|  0%| F|  |TAMS 0x0000000708300000, 0x0000000708300000| Untracked 
| 106|0x0000000708400000, 0x0000000708400000, 0x0000000708500000|  0%| F|  |TAMS 0x0000000708400000, 0x0000000708400000| Untracked 
| 107|0x0000000708500000, 0x0000000708500000, 0x0000000708600000|  0%| F|  |TAMS 0x0000000708500000, 0x0000000708500000| Untracked 
| 108|0x0000000708600000, 0x0000000708600000, 0x0000000708700000|  0%| F|  |TAMS 0x0000000708600000, 0x0000000708600000| Untracked 
| 109|0x0000000708700000, 0x0000000708700000, 0x0000000708800000|  0%| F|  |TAMS 0x0000000708700000, 0x0000000708700000| Untracked 
| 110|0x0000000708800000, 0x0000000708800000, 0x0000000708900000|  0%| F|  |TAMS 0x0000000708800000, 0x0000000708800000| Untracked 
| 111|0x0000000708900000, 0x0000000708900000, 0x0000000708a00000|  0%| F|  |TAMS 0x0000000708900000, 0x0000000708900000| Untracked 
| 112|0x0000000708a00000, 0x0000000708a00000, 0x0000000708b00000|  0%| F|  |TAMS 0x0000000708a00000, 0x0000000708a00000| Untracked 
| 113|0x0000000708b00000, 0x0000000708b00000, 0x0000000708c00000|  0%| F|  |TAMS 0x0000000708b00000, 0x0000000708b00000| Untracked 
| 114|0x0000000708c00000, 0x0000000708c00000, 0x0000000708d00000|  0%| F|  |TAMS 0x0000000708c00000, 0x0000000708c00000| Untracked 
| 115|0x0000000708d00000, 0x0000000708d00000, 0x0000000708e00000|  0%| F|  |TAMS 0x0000000708d00000, 0x0000000708d00000| Untracked 
| 116|0x0000000708e00000, 0x0000000708e00000, 0x0000000708f00000|  0%| F|  |TAMS 0x0000000708e00000, 0x0000000708e00000| Untracked 
| 117|0x0000000708f00000, 0x0000000708f00000, 0x0000000709000000|  0%| F|  |TAMS 0x0000000708f00000, 0x0000000708f00000| Untracked 
| 118|0x0000000709000000, 0x0000000709000000, 0x0000000709100000|  0%| F|  |TAMS 0x0000000709000000, 0x0000000709000000| Untracked 
| 119|0x0000000709100000, 0x0000000709100000, 0x0000000709200000|  0%| F|  |TAMS 0x0000000709100000, 0x0000000709100000| Untracked 
| 120|0x0000000709200000, 0x0000000709200000, 0x0000000709300000|  0%| F|  |TAMS 0x0000000709200000, 0x0000000709200000| Untracked 
| 121|0x0000000709300000, 0x0000000709300000, 0x0000000709400000|  0%| F|  |TAMS 0x0000000709300000, 0x0000000709300000| Untracked 
| 122|0x0000000709400000, 0x0000000709400000, 0x0000000709500000|  0%| F|  |TAMS 0x0000000709400000, 0x0000000709400000| Untracked 
| 123|0x0000000709500000, 0x0000000709500000, 0x0000000709600000|  0%| F|  |TAMS 0x0000000709500000, 0x0000000709500000| Untracked 
| 124|0x0000000709600000, 0x0000000709600000, 0x0000000709700000|  0%| F|  |TAMS 0x0000000709600000, 0x0000000709600000| Untracked 
| 125|0x0000000709700000, 0x0000000709700000, 0x0000000709800000|  0%| F|  |TAMS 0x0000000709700000, 0x0000000709700000| Untracked 
| 126|0x0000000709800000, 0x0000000709800000, 0x0000000709900000|  0%| F|  |TAMS 0x0000000709800000, 0x0000000709800000| Untracked 
| 127|0x0000000709900000, 0x0000000709900000, 0x0000000709a00000|  0%| F|  |TAMS 0x0000000709900000, 0x0000000709900000| Untracked 
| 128|0x0000000709a00000, 0x0000000709a00000, 0x0000000709b00000|  0%| F|  |TAMS 0x0000000709a00000, 0x0000000709a00000| Untracked 
| 129|0x0000000709b00000, 0x0000000709b00000, 0x0000000709c00000|  0%| F|  |TAMS 0x0000000709b00000, 0x0000000709b00000| Untracked 
| 130|0x0000000709c00000, 0x0000000709c00000, 0x0000000709d00000|  0%| F|  |TAMS 0x0000000709c00000, 0x0000000709c00000| Untracked 
| 131|0x0000000709d00000, 0x0000000709d00000, 0x0000000709e00000|  0%| F|  |TAMS 0x0000000709d00000, 0x0000000709d00000| Untracked 
| 132|0x0000000709e00000, 0x0000000709ee1018, 0x0000000709f00000| 87%| S|CS|TAMS 0x0000000709e00000, 0x0000000709e00000| Complete 
| 133|0x0000000709f00000, 0x000000070a000000, 0x000000070a000000|100%| S|CS|TAMS 0x0000000709f00000, 0x0000000709f00000| Complete 
| 134|0x000000070a000000, 0x000000070a100000, 0x000000070a100000|100%| S|CS|TAMS 0x000000070a000000, 0x000000070a000000| Complete 
| 135|0x000000070a100000, 0x000000070a200000, 0x000000070a200000|100%| S|CS|TAMS 0x000000070a100000, 0x000000070a100000| Complete 
| 136|0x000000070a200000, 0x000000070a300000, 0x000000070a300000|100%| S|CS|TAMS 0x000000070a200000, 0x000000070a200000| Complete 
| 137|0x000000070a300000, 0x000000070a400000, 0x000000070a400000|100%| S|CS|TAMS 0x000000070a300000, 0x000000070a300000| Complete 
| 138|0x000000070a400000, 0x000000070a500000, 0x000000070a500000|100%| S|CS|TAMS 0x000000070a400000, 0x000000070a400000| Complete 
| 139|0x000000070a500000, 0x000000070a500000, 0x000000070a600000|  0%| F|  |TAMS 0x000000070a500000, 0x000000070a500000| Untracked 
| 140|0x000000070a600000, 0x000000070a600000, 0x000000070a700000|  0%| F|  |TAMS 0x000000070a600000, 0x000000070a600000| Untracked 
| 141|0x000000070a700000, 0x000000070a700000, 0x000000070a800000|  0%| F|  |TAMS 0x000000070a700000, 0x000000070a700000| Untracked 
| 142|0x000000070a800000, 0x000000070a800000, 0x000000070a900000|  0%| F|  |TAMS 0x000000070a800000, 0x000000070a800000| Untracked 
| 143|0x000000070a900000, 0x000000070a900000, 0x000000070aa00000|  0%| F|  |TAMS 0x000000070a900000, 0x000000070a900000| Untracked 
| 144|0x000000070aa00000, 0x000000070aa00000, 0x000000070ab00000|  0%| F|  |TAMS 0x000000070aa00000, 0x000000070aa00000| Untracked 
| 145|0x000000070ab00000, 0x000000070ab00000, 0x000000070ac00000|  0%| F|  |TAMS 0x000000070ab00000, 0x000000070ab00000| Untracked 
| 146|0x000000070ac00000, 0x000000070ac00000, 0x000000070ad00000|  0%| F|  |TAMS 0x000000070ac00000, 0x000000070ac00000| Untracked 
| 147|0x000000070ad00000, 0x000000070ad00000, 0x000000070ae00000|  0%| F|  |TAMS 0x000000070ad00000, 0x000000070ad00000| Untracked 
| 148|0x000000070ae00000, 0x000000070ae00000, 0x000000070af00000|  0%| F|  |TAMS 0x000000070ae00000, 0x000000070ae00000| Untracked 
| 149|0x000000070af00000, 0x000000070af00000, 0x000000070b000000|  0%| F|  |TAMS 0x000000070af00000, 0x000000070af00000| Untracked 
| 150|0x000000070b000000, 0x000000070b000000, 0x000000070b100000|  0%| F|  |TAMS 0x000000070b000000, 0x000000070b000000| Untracked 
| 151|0x000000070b100000, 0x000000070b100000, 0x000000070b200000|  0%| F|  |TAMS 0x000000070b100000, 0x000000070b100000| Untracked 
| 152|0x000000070b200000, 0x000000070b200000, 0x000000070b300000|  0%| F|  |TAMS 0x000000070b200000, 0x000000070b200000| Untracked 
| 153|0x000000070b300000, 0x000000070b300000, 0x000000070b400000|  0%| F|  |TAMS 0x000000070b300000, 0x000000070b300000| Untracked 
| 154|0x000000070b400000, 0x000000070b400000, 0x000000070b500000|  0%| F|  |TAMS 0x000000070b400000, 0x000000070b400000| Untracked 
| 155|0x000000070b500000, 0x000000070b500000, 0x000000070b600000|  0%| F|  |TAMS 0x000000070b500000, 0x000000070b500000| Untracked 
| 156|0x000000070b600000, 0x000000070b600000, 0x000000070b700000|  0%| F|  |TAMS 0x000000070b600000, 0x000000070b600000| Untracked 
| 157|0x000000070b700000, 0x000000070b700000, 0x000000070b800000|  0%| F|  |TAMS 0x000000070b700000, 0x000000070b700000| Untracked 
| 158|0x000000070b800000, 0x000000070b800000, 0x000000070b900000|  0%| F|  |TAMS 0x000000070b800000, 0x000000070b800000| Untracked 
| 159|0x000000070b900000, 0x000000070b900000, 0x000000070ba00000|  0%| F|  |TAMS 0x000000070b900000, 0x000000070b900000| Untracked 
| 160|0x000000070ba00000, 0x000000070ba00000, 0x000000070bb00000|  0%| F|  |TAMS 0x000000070ba00000, 0x000000070ba00000| Untracked 
| 161|0x000000070bb00000, 0x000000070bb00000, 0x000000070bc00000|  0%| F|  |TAMS 0x000000070bb00000, 0x000000070bb00000| Untracked 
| 162|0x000000070bc00000, 0x000000070bc00000, 0x000000070bd00000|  0%| F|  |TAMS 0x000000070bc00000, 0x000000070bc00000| Untracked 
| 163|0x000000070bd00000, 0x000000070bd00000, 0x000000070be00000|  0%| F|  |TAMS 0x000000070bd00000, 0x000000070bd00000| Untracked 
| 164|0x000000070be00000, 0x000000070be00000, 0x000000070bf00000|  0%| F|  |TAMS 0x000000070be00000, 0x000000070be00000| Untracked 
| 165|0x000000070bf00000, 0x000000070bf00000, 0x000000070c000000|  0%| F|  |TAMS 0x000000070bf00000, 0x000000070bf00000| Untracked 
| 166|0x000000070c000000, 0x000000070c000000, 0x000000070c100000|  0%| F|  |TAMS 0x000000070c000000, 0x000000070c000000| Untracked 
| 167|0x000000070c100000, 0x000000070c100000, 0x000000070c200000|  0%| F|  |TAMS 0x000000070c100000, 0x000000070c100000| Untracked 
| 168|0x000000070c200000, 0x000000070c200000, 0x000000070c300000|  0%| F|  |TAMS 0x000000070c200000, 0x000000070c200000| Untracked 
| 169|0x000000070c300000, 0x000000070c300000, 0x000000070c400000|  0%| F|  |TAMS 0x000000070c300000, 0x000000070c300000| Untracked 
| 170|0x000000070c400000, 0x000000070c400000, 0x000000070c500000|  0%| F|  |TAMS 0x000000070c400000, 0x000000070c400000| Untracked 
| 171|0x000000070c500000, 0x000000070c500000, 0x000000070c600000|  0%| F|  |TAMS 0x000000070c500000, 0x000000070c500000| Untracked 
| 172|0x000000070c600000, 0x000000070c600000, 0x000000070c700000|  0%| F|  |TAMS 0x000000070c600000, 0x000000070c600000| Untracked 
| 173|0x000000070c700000, 0x000000070c700000, 0x000000070c800000|  0%| F|  |TAMS 0x000000070c700000, 0x000000070c700000| Untracked 
| 174|0x000000070c800000, 0x000000070c800000, 0x000000070c900000|  0%| F|  |TAMS 0x000000070c800000, 0x000000070c800000| Untracked 
| 175|0x000000070c900000, 0x000000070c900000, 0x000000070ca00000|  0%| F|  |TAMS 0x000000070c900000, 0x000000070c900000| Untracked 
| 176|0x000000070ca00000, 0x000000070ca00000, 0x000000070cb00000|  0%| F|  |TAMS 0x000000070ca00000, 0x000000070ca00000| Untracked 
| 177|0x000000070cb00000, 0x000000070cb00000, 0x000000070cc00000|  0%| F|  |TAMS 0x000000070cb00000, 0x000000070cb00000| Untracked 
| 178|0x000000070cc00000, 0x000000070cc00000, 0x000000070cd00000|  0%| F|  |TAMS 0x000000070cc00000, 0x000000070cc00000| Untracked 
| 179|0x000000070cd00000, 0x000000070cd00000, 0x000000070ce00000|  0%| F|  |TAMS 0x000000070cd00000, 0x000000070cd00000| Untracked 
| 180|0x000000070ce00000, 0x000000070ce00000, 0x000000070cf00000|  0%| F|  |TAMS 0x000000070ce00000, 0x000000070ce00000| Untracked 
| 181|0x000000070cf00000, 0x000000070cf00000, 0x000000070d000000|  0%| F|  |TAMS 0x000000070cf00000, 0x000000070cf00000| Untracked 
| 182|0x000000070d000000, 0x000000070d000000, 0x000000070d100000|  0%| F|  |TAMS 0x000000070d000000, 0x000000070d000000| Untracked 
| 183|0x000000070d100000, 0x000000070d100000, 0x000000070d200000|  0%| F|  |TAMS 0x000000070d100000, 0x000000070d100000| Untracked 
| 184|0x000000070d200000, 0x000000070d200000, 0x000000070d300000|  0%| F|  |TAMS 0x000000070d200000, 0x000000070d200000| Untracked 
| 185|0x000000070d300000, 0x000000070d300000, 0x000000070d400000|  0%| F|  |TAMS 0x000000070d300000, 0x000000070d300000| Untracked 
| 186|0x000000070d400000, 0x000000070d400000, 0x000000070d500000|  0%| F|  |TAMS 0x000000070d400000, 0x000000070d400000| Untracked 
| 187|0x000000070d500000, 0x000000070d500000, 0x000000070d600000|  0%| F|  |TAMS 0x000000070d500000, 0x000000070d500000| Untracked 
| 188|0x000000070d600000, 0x000000070d600000, 0x000000070d700000|  0%| F|  |TAMS 0x000000070d600000, 0x000000070d600000| Untracked 
| 189|0x000000070d700000, 0x000000070d700000, 0x000000070d800000|  0%| F|  |TAMS 0x000000070d700000, 0x000000070d700000| Untracked 
| 190|0x000000070d800000, 0x000000070d800000, 0x000000070d900000|  0%| F|  |TAMS 0x000000070d800000, 0x000000070d800000| Untracked 
| 191|0x000000070d900000, 0x000000070d900000, 0x000000070da00000|  0%| F|  |TAMS 0x000000070d900000, 0x000000070d900000| Untracked 
| 192|0x000000070da00000, 0x000000070da00000, 0x000000070db00000|  0%| F|  |TAMS 0x000000070da00000, 0x000000070da00000| Untracked 
| 193|0x000000070db00000, 0x000000070db00000, 0x000000070dc00000|  0%| F|  |TAMS 0x000000070db00000, 0x000000070db00000| Untracked 
| 194|0x000000070dc00000, 0x000000070dc00000, 0x000000070dd00000|  0%| F|  |TAMS 0x000000070dc00000, 0x000000070dc00000| Untracked 
| 195|0x000000070dd00000, 0x000000070dd00000, 0x000000070de00000|  0%| F|  |TAMS 0x000000070dd00000, 0x000000070dd00000| Untracked 
| 196|0x000000070de00000, 0x000000070de00000, 0x000000070df00000|  0%| F|  |TAMS 0x000000070de00000, 0x000000070de00000| Untracked 
| 197|0x000000070df00000, 0x000000070df00000, 0x000000070e000000|  0%| F|  |TAMS 0x000000070df00000, 0x000000070df00000| Untracked 
| 198|0x000000070e000000, 0x000000070e000000, 0x000000070e100000|  0%| F|  |TAMS 0x000000070e000000, 0x000000070e000000| Untracked 
| 199|0x000000070e100000, 0x000000070e100000, 0x000000070e200000|  0%| F|  |TAMS 0x000000070e100000, 0x000000070e100000| Untracked 
| 200|0x000000070e200000, 0x000000070e200000, 0x000000070e300000|  0%| F|  |TAMS 0x000000070e200000, 0x000000070e200000| Untracked 
| 201|0x000000070e300000, 0x000000070e300000, 0x000000070e400000|  0%| F|  |TAMS 0x000000070e300000, 0x000000070e300000| Untracked 
| 202|0x000000070e400000, 0x000000070e400000, 0x000000070e500000|  0%| F|  |TAMS 0x000000070e400000, 0x000000070e400000| Untracked 
| 203|0x000000070e500000, 0x000000070e500000, 0x000000070e600000|  0%| F|  |TAMS 0x000000070e500000, 0x000000070e500000| Untracked 
| 204|0x000000070e600000, 0x000000070e600000, 0x000000070e700000|  0%| F|  |TAMS 0x000000070e600000, 0x000000070e600000| Untracked 
| 205|0x000000070e700000, 0x000000070e700000, 0x000000070e800000|  0%| F|  |TAMS 0x000000070e700000, 0x000000070e700000| Untracked 
| 206|0x000000070e800000, 0x000000070e800000, 0x000000070e900000|  0%| F|  |TAMS 0x000000070e800000, 0x000000070e800000| Untracked 
| 207|0x000000070e900000, 0x000000070e900000, 0x000000070ea00000|  0%| F|  |TAMS 0x000000070e900000, 0x000000070e900000| Untracked 
| 208|0x000000070ea00000, 0x000000070ea00000, 0x000000070eb00000|  0%| F|  |TAMS 0x000000070ea00000, 0x000000070ea00000| Untracked 
| 209|0x000000070eb00000, 0x000000070eb00000, 0x000000070ec00000|  0%| F|  |TAMS 0x000000070eb00000, 0x000000070eb00000| Untracked 
| 210|0x000000070ec00000, 0x000000070ec00000, 0x000000070ed00000|  0%| F|  |TAMS 0x000000070ec00000, 0x000000070ec00000| Untracked 
| 211|0x000000070ed00000, 0x000000070ed00000, 0x000000070ee00000|  0%| F|  |TAMS 0x000000070ed00000, 0x000000070ed00000| Untracked 
| 212|0x000000070ee00000, 0x000000070ee00000, 0x000000070ef00000|  0%| F|  |TAMS 0x000000070ee00000, 0x000000070ee00000| Untracked 
| 213|0x000000070ef00000, 0x000000070ef00000, 0x000000070f000000|  0%| F|  |TAMS 0x000000070ef00000, 0x000000070ef00000| Untracked 
| 214|0x000000070f000000, 0x000000070f000000, 0x000000070f100000|  0%| F|  |TAMS 0x000000070f000000, 0x000000070f000000| Untracked 
| 215|0x000000070f100000, 0x000000070f100000, 0x000000070f200000|  0%| F|  |TAMS 0x000000070f100000, 0x000000070f100000| Untracked 
| 216|0x000000070f200000, 0x000000070f200000, 0x000000070f300000|  0%| F|  |TAMS 0x000000070f200000, 0x000000070f200000| Untracked 
| 217|0x000000070f300000, 0x000000070f300000, 0x000000070f400000|  0%| F|  |TAMS 0x000000070f300000, 0x000000070f300000| Untracked 
| 218|0x000000070f400000, 0x000000070f400000, 0x000000070f500000|  0%| F|  |TAMS 0x000000070f400000, 0x000000070f400000| Untracked 
| 219|0x000000070f500000, 0x000000070f500000, 0x000000070f600000|  0%| F|  |TAMS 0x000000070f500000, 0x000000070f500000| Untracked 
| 220|0x000000070f600000, 0x000000070f600000, 0x000000070f700000|  0%| F|  |TAMS 0x000000070f600000, 0x000000070f600000| Untracked 
| 221|0x000000070f700000, 0x000000070f700000, 0x000000070f800000|  0%| F|  |TAMS 0x000000070f700000, 0x000000070f700000| Untracked 
| 222|0x000000070f800000, 0x000000070f800000, 0x000000070f900000|  0%| F|  |TAMS 0x000000070f800000, 0x000000070f800000| Untracked 
| 223|0x000000070f900000, 0x000000070f900000, 0x000000070fa00000|  0%| F|  |TAMS 0x000000070f900000, 0x000000070f900000| Untracked 
| 224|0x000000070fa00000, 0x000000070fa00000, 0x000000070fb00000|  0%| F|  |TAMS 0x000000070fa00000, 0x000000070fa00000| Untracked 
| 225|0x000000070fb00000, 0x000000070fb00000, 0x000000070fc00000|  0%| F|  |TAMS 0x000000070fb00000, 0x000000070fb00000| Untracked 
| 226|0x000000070fc00000, 0x000000070fc00000, 0x000000070fd00000|  0%| F|  |TAMS 0x000000070fc00000, 0x000000070fc00000| Untracked 
| 227|0x000000070fd00000, 0x000000070fd00000, 0x000000070fe00000|  0%| F|  |TAMS 0x000000070fd00000, 0x000000070fd00000| Untracked 
| 228|0x000000070fe00000, 0x000000070fe00000, 0x000000070ff00000|  0%| F|  |TAMS 0x000000070fe00000, 0x000000070fe00000| Untracked 
| 229|0x000000070ff00000, 0x000000070ff00000, 0x0000000710000000|  0%| F|  |TAMS 0x000000070ff00000, 0x000000070ff00000| Untracked 
| 230|0x0000000710000000, 0x0000000710000000, 0x0000000710100000|  0%| F|  |TAMS 0x0000000710000000, 0x0000000710000000| Untracked 
| 231|0x0000000710100000, 0x0000000710100000, 0x0000000710200000|  0%| F|  |TAMS 0x0000000710100000, 0x0000000710100000| Untracked 
| 232|0x0000000710200000, 0x0000000710200000, 0x0000000710300000|  0%| F|  |TAMS 0x0000000710200000, 0x0000000710200000| Untracked 
| 233|0x0000000710300000, 0x0000000710300000, 0x0000000710400000|  0%| F|  |TAMS 0x0000000710300000, 0x0000000710300000| Untracked 
| 234|0x0000000710400000, 0x0000000710400000, 0x0000000710500000|  0%| F|  |TAMS 0x0000000710400000, 0x0000000710400000| Untracked 
| 235|0x0000000710500000, 0x0000000710500000, 0x0000000710600000|  0%| F|  |TAMS 0x0000000710500000, 0x0000000710500000| Untracked 
| 236|0x0000000710600000, 0x0000000710600000, 0x0000000710700000|  0%| F|  |TAMS 0x0000000710600000, 0x0000000710600000| Untracked 
| 237|0x0000000710700000, 0x0000000710700000, 0x0000000710800000|  0%| F|  |TAMS 0x0000000710700000, 0x0000000710700000| Untracked 
| 238|0x0000000710800000, 0x0000000710800000, 0x0000000710900000|  0%| F|  |TAMS 0x0000000710800000, 0x0000000710800000| Untracked 
| 239|0x0000000710900000, 0x0000000710900000, 0x0000000710a00000|  0%| F|  |TAMS 0x0000000710900000, 0x0000000710900000| Untracked 
| 240|0x0000000710a00000, 0x0000000710a00000, 0x0000000710b00000|  0%| F|  |TAMS 0x0000000710a00000, 0x0000000710a00000| Untracked 
| 241|0x0000000710b00000, 0x0000000710b00000, 0x0000000710c00000|  0%| F|  |TAMS 0x0000000710b00000, 0x0000000710b00000| Untracked 
| 242|0x0000000710c00000, 0x0000000710c00000, 0x0000000710d00000|  0%| F|  |TAMS 0x0000000710c00000, 0x0000000710c00000| Untracked 
| 243|0x0000000710d00000, 0x0000000710d00000, 0x0000000710e00000|  0%| F|  |TAMS 0x0000000710d00000, 0x0000000710d00000| Untracked 
| 244|0x0000000710e00000, 0x0000000710e00000, 0x0000000710f00000|  0%| F|  |TAMS 0x0000000710e00000, 0x0000000710e00000| Untracked 
| 245|0x0000000710f00000, 0x0000000710f00000, 0x0000000711000000|  0%| F|  |TAMS 0x0000000710f00000, 0x0000000710f00000| Untracked 
| 246|0x0000000711000000, 0x0000000711000000, 0x0000000711100000|  0%| F|  |TAMS 0x0000000711000000, 0x0000000711000000| Untracked 
| 247|0x0000000711100000, 0x0000000711100000, 0x0000000711200000|  0%| F|  |TAMS 0x0000000711100000, 0x0000000711100000| Untracked 
| 248|0x0000000711200000, 0x0000000711200000, 0x0000000711300000|  0%| F|  |TAMS 0x0000000711200000, 0x0000000711200000| Untracked 
| 249|0x0000000711300000, 0x0000000711300000, 0x0000000711400000|  0%| F|  |TAMS 0x0000000711300000, 0x0000000711300000| Untracked 
| 250|0x0000000711400000, 0x0000000711400000, 0x0000000711500000|  0%| F|  |TAMS 0x0000000711400000, 0x0000000711400000| Untracked 
| 251|0x0000000711500000, 0x0000000711500000, 0x0000000711600000|  0%| F|  |TAMS 0x0000000711500000, 0x0000000711500000| Untracked 
| 252|0x0000000711600000, 0x0000000711600000, 0x0000000711700000|  0%| F|  |TAMS 0x0000000711600000, 0x0000000711600000| Untracked 
| 253|0x0000000711700000, 0x0000000711700000, 0x0000000711800000|  0%| F|  |TAMS 0x0000000711700000, 0x0000000711700000| Untracked 
| 254|0x0000000711800000, 0x0000000711800000, 0x0000000711900000|  0%| F|  |TAMS 0x0000000711800000, 0x0000000711800000| Untracked 
| 255|0x0000000711900000, 0x0000000711900000, 0x0000000711a00000|  0%| F|  |TAMS 0x0000000711900000, 0x0000000711900000| Untracked 
| 256|0x0000000711a00000, 0x0000000711a00000, 0x0000000711b00000|  0%| F|  |TAMS 0x0000000711a00000, 0x0000000711a00000| Untracked 
| 257|0x0000000711b00000, 0x0000000711b00000, 0x0000000711c00000|  0%| F|  |TAMS 0x0000000711b00000, 0x0000000711b00000| Untracked 
| 258|0x0000000711c00000, 0x0000000711c00000, 0x0000000711d00000|  0%| F|  |TAMS 0x0000000711c00000, 0x0000000711c00000| Untracked 
| 259|0x0000000711d00000, 0x0000000711d00000, 0x0000000711e00000|  0%| F|  |TAMS 0x0000000711d00000, 0x0000000711d00000| Untracked 
| 260|0x0000000711e00000, 0x0000000711e00000, 0x0000000711f00000|  0%| F|  |TAMS 0x0000000711e00000, 0x0000000711e00000| Untracked 
| 261|0x0000000711f00000, 0x0000000711f00000, 0x0000000712000000|  0%| F|  |TAMS 0x0000000711f00000, 0x0000000711f00000| Untracked 
| 262|0x0000000712000000, 0x0000000712000000, 0x0000000712100000|  0%| F|  |TAMS 0x0000000712000000, 0x0000000712000000| Untracked 
| 263|0x0000000712100000, 0x0000000712100000, 0x0000000712200000|  0%| F|  |TAMS 0x0000000712100000, 0x0000000712100000| Untracked 
| 264|0x0000000712200000, 0x00000007122e3180, 0x0000000712300000| 88%| E|  |TAMS 0x0000000712200000, 0x0000000712200000| Complete 
| 265|0x0000000712300000, 0x0000000712400000, 0x0000000712400000|100%| E|CS|TAMS 0x0000000712300000, 0x0000000712300000| Complete 
| 266|0x0000000712400000, 0x0000000712500000, 0x0000000712500000|100%| E|CS|TAMS 0x0000000712400000, 0x0000000712400000| Complete 
| 267|0x0000000712500000, 0x0000000712600000, 0x0000000712600000|100%| E|CS|TAMS 0x0000000712500000, 0x0000000712500000| Complete 
| 268|0x0000000712600000, 0x0000000712700000, 0x0000000712700000|100%| E|CS|TAMS 0x0000000712600000, 0x0000000712600000| Complete 
| 269|0x0000000712700000, 0x0000000712800000, 0x0000000712800000|100%| E|CS|TAMS 0x0000000712700000, 0x0000000712700000| Complete 
| 270|0x0000000712800000, 0x0000000712900000, 0x0000000712900000|100%| E|CS|TAMS 0x0000000712800000, 0x0000000712800000| Complete 
| 271|0x0000000712900000, 0x0000000712a00000, 0x0000000712a00000|100%| E|CS|TAMS 0x0000000712900000, 0x0000000712900000| Complete 
| 272|0x0000000712a00000, 0x0000000712b00000, 0x0000000712b00000|100%| E|CS|TAMS 0x0000000712a00000, 0x0000000712a00000| Complete 
| 273|0x0000000712b00000, 0x0000000712c00000, 0x0000000712c00000|100%| E|CS|TAMS 0x0000000712b00000, 0x0000000712b00000| Complete 
| 274|0x0000000712c00000, 0x0000000712d00000, 0x0000000712d00000|100%| E|CS|TAMS 0x0000000712c00000, 0x0000000712c00000| Complete 
| 275|0x0000000712d00000, 0x0000000712e00000, 0x0000000712e00000|100%| E|CS|TAMS 0x0000000712d00000, 0x0000000712d00000| Complete 
| 276|0x0000000712e00000, 0x0000000712f00000, 0x0000000712f00000|100%| E|CS|TAMS 0x0000000712e00000, 0x0000000712e00000| Complete 
| 277|0x0000000712f00000, 0x0000000713000000, 0x0000000713000000|100%| E|CS|TAMS 0x0000000712f00000, 0x0000000712f00000| Complete 
| 278|0x0000000713000000, 0x0000000713100000, 0x0000000713100000|100%| E|CS|TAMS 0x0000000713000000, 0x0000000713000000| Complete 
| 279|0x0000000713100000, 0x0000000713200000, 0x0000000713200000|100%| E|CS|TAMS 0x0000000713100000, 0x0000000713100000| Complete 
| 280|0x0000000713200000, 0x0000000713300000, 0x0000000713300000|100%| E|CS|TAMS 0x0000000713200000, 0x0000000713200000| Complete 
| 281|0x0000000713300000, 0x0000000713400000, 0x0000000713400000|100%| E|CS|TAMS 0x0000000713300000, 0x0000000713300000| Complete 
| 282|0x0000000713400000, 0x0000000713500000, 0x0000000713500000|100%| E|CS|TAMS 0x0000000713400000, 0x0000000713400000| Complete 
| 283|0x0000000713500000, 0x0000000713600000, 0x0000000713600000|100%| E|CS|TAMS 0x0000000713500000, 0x0000000713500000| Complete 
| 284|0x0000000713600000, 0x0000000713700000, 0x0000000713700000|100%| E|CS|TAMS 0x0000000713600000, 0x0000000713600000| Complete 
| 285|0x0000000713700000, 0x0000000713800000, 0x0000000713800000|100%| E|CS|TAMS 0x0000000713700000, 0x0000000713700000| Complete 
| 286|0x0000000713800000, 0x0000000713900000, 0x0000000713900000|100%| E|CS|TAMS 0x0000000713800000, 0x0000000713800000| Complete 
| 287|0x0000000713900000, 0x0000000713a00000, 0x0000000713a00000|100%| E|CS|TAMS 0x0000000713900000, 0x0000000713900000| Complete 
| 288|0x0000000713a00000, 0x0000000713b00000, 0x0000000713b00000|100%| E|CS|TAMS 0x0000000713a00000, 0x0000000713a00000| Complete 
| 289|0x0000000713b00000, 0x0000000713c00000, 0x0000000713c00000|100%| E|CS|TAMS 0x0000000713b00000, 0x0000000713b00000| Complete 
| 290|0x0000000713c00000, 0x0000000713d00000, 0x0000000713d00000|100%| E|CS|TAMS 0x0000000713c00000, 0x0000000713c00000| Complete 
| 291|0x0000000713d00000, 0x0000000713e00000, 0x0000000713e00000|100%| E|CS|TAMS 0x0000000713d00000, 0x0000000713d00000| Complete 
| 292|0x0000000713e00000, 0x0000000713f00000, 0x0000000713f00000|100%| E|CS|TAMS 0x0000000713e00000, 0x0000000713e00000| Complete 
| 293|0x0000000713f00000, 0x0000000714000000, 0x0000000714000000|100%| E|CS|TAMS 0x0000000713f00000, 0x0000000713f00000| Complete 
| 294|0x0000000714000000, 0x0000000714100000, 0x0000000714100000|100%| E|CS|TAMS 0x0000000714000000, 0x0000000714000000| Complete 
| 295|0x0000000714100000, 0x0000000714200000, 0x0000000714200000|100%| E|CS|TAMS 0x0000000714100000, 0x0000000714100000| Complete 
| 296|0x0000000714200000, 0x0000000714300000, 0x0000000714300000|100%| E|CS|TAMS 0x0000000714200000, 0x0000000714200000| Complete 
| 297|0x0000000714300000, 0x0000000714400000, 0x0000000714400000|100%| E|CS|TAMS 0x0000000714300000, 0x0000000714300000| Complete 
| 298|0x0000000714400000, 0x0000000714500000, 0x0000000714500000|100%| E|CS|TAMS 0x0000000714400000, 0x0000000714400000| Complete 
| 299|0x0000000714500000, 0x0000000714600000, 0x0000000714600000|100%| E|CS|TAMS 0x0000000714500000, 0x0000000714500000| Complete 
| 300|0x0000000714600000, 0x0000000714700000, 0x0000000714700000|100%| E|CS|TAMS 0x0000000714600000, 0x0000000714600000| Complete 
| 301|0x0000000714700000, 0x0000000714800000, 0x0000000714800000|100%| E|CS|TAMS 0x0000000714700000, 0x0000000714700000| Complete 
| 302|0x0000000714800000, 0x0000000714900000, 0x0000000714900000|100%| E|CS|TAMS 0x0000000714800000, 0x0000000714800000| Complete 
| 303|0x0000000714900000, 0x0000000714a00000, 0x0000000714a00000|100%| E|CS|TAMS 0x0000000714900000, 0x0000000714900000| Complete 
| 304|0x0000000714a00000, 0x0000000714b00000, 0x0000000714b00000|100%| E|CS|TAMS 0x0000000714a00000, 0x0000000714a00000| Complete 
| 305|0x0000000714b00000, 0x0000000714c00000, 0x0000000714c00000|100%| E|CS|TAMS 0x0000000714b00000, 0x0000000714b00000| Complete 
| 306|0x0000000714c00000, 0x0000000714d00000, 0x0000000714d00000|100%| E|CS|TAMS 0x0000000714c00000, 0x0000000714c00000| Complete 
| 307|0x0000000714d00000, 0x0000000714e00000, 0x0000000714e00000|100%| E|CS|TAMS 0x0000000714d00000, 0x0000000714d00000| Complete 

Card table byte_map: [0x00000138ce020000,0x00000138ce820000] _byte_map_base: 0x00000138ca813000

Marking Bits (Prev, Next): (CMBitMap*) 0x00000138b5df6d80, (CMBitMap*) 0x00000138b5df6d48
 Prev Bits: [0x00000138d2fc0000, 0x00000138d6f58000)
 Next Bits: [0x00000138cf020000, 0x00000138d2fb8000)

Polling page: 0x00000138b5560000

Metaspace:

Usage:
  Non-class:     74.27 MB capacity,    72.83 MB ( 98%) used,     1.17 MB (  2%) free+waste,   280.25 KB ( <1%) overhead. 
      Class:     11.34 MB capacity,    10.50 MB ( 93%) used,   722.20 KB (  6%) free+waste,   128.88 KB (  1%) overhead. 
       Both:     85.61 MB capacity,    83.34 MB ( 97%) used,     1.87 MB (  2%) free+waste,   409.13 KB ( <1%) overhead. 

Virtual space:
  Non-class space:       76.00 MB reserved,      74.50 MB ( 98%) committed 
      Class space:        1.00 GB reserved,      11.38 MB (  1%) committed 
             Both:        1.07 GB reserved,      85.88 MB (  8%) committed 

Chunk freelists:
   Non-Class:  41.00 KB
       Class:  0 bytes
        Both:  41.00 KB

MaxMetaspaceSize: 17179869184.00 GB
CompressedClassSpaceSize: 1.00 GB
Initial GC threshold: 20.80 MB
Current GC threshold: 97.92 MB
CDS: off

CodeHeap 'non-profiled nmethods': size=120000Kb used=6206Kb max_used=6206Kb free=113793Kb
 bounds [0x00000138c5fb0000, 0x00000138c65c0000, 0x00000138cd4e0000]
CodeHeap 'profiled nmethods': size=120000Kb used=19269Kb max_used=19269Kb free=100730Kb
 bounds [0x00000138bea80000, 0x00000138bfd60000, 0x00000138c5fb0000]
CodeHeap 'non-nmethods': size=5760Kb used=1335Kb max_used=1379Kb free=4424Kb
 bounds [0x00000138be4e0000, 0x00000138be750000, 0x00000138bea80000]
 total_blobs=9204 nmethods=8569 adapters=546
 compilation: enabled
              stopped_count=0, restarted_count=0
 full_count=0

Compilation events (20 events):
Event: 57.394 Thread 0x00000138da5ab800 8661       4       org.modelmapper.internal.bytebuddy.description.type.TypeDescription$Generic$OfNonGenericType::isArray (10 bytes)
Event: 57.394 Thread 0x00000138da3ff800 nmethod 8670 0x00000138bfd3dd10 code [0x00000138bfd3dec0, 0x00000138bfd3dfd8]
Event: 57.399 Thread 0x00000138da3ff800 8672       3       sun.reflect.generics.repository.GenericDeclRepository::computeTypeParameters (65 bytes)
Event: 57.400 Thread 0x00000138da3ff800 nmethod 8672 0x00000138bfd3e090 code [0x00000138bfd3e300, 0x00000138bfd3f138]
Event: 57.404 Thread 0x00000138da5ab800 nmethod 8661 0x00000138c65b6e90 code [0x00000138c65b7080, 0x00000138c65b7578]
Event: 57.405 Thread 0x00000138da5ab800 8671       4       org.modelmapper.internal.bytebuddy.description.type.TypeDescription$Generic$LazyProjection::getStackSize (10 bytes)
Event: 57.405 Thread 0x00000138da3fb000 nmethod 8655 0x00000138c65b7910 code [0x00000138c65b7ba0, 0x00000138c65b8b50]
Event: 57.406 Thread 0x00000138da3fb000 8658       4       org.modelmapper.internal.bytebuddy.description.type.TypeDescription$Generic$LazyProjection$OfMethodParameter::asErasure (13 bytes)
Event: 57.407 Thread 0x00000138da3ff800 8673       3       java.util.Collections$SingletonSet::contains (9 bytes)
Event: 57.407 Thread 0x00000138e1b16000 nmethod 8657 0x00000138c65b9a10 code [0x00000138c65b9be0, 0x00000138c65ba368]
Event: 57.407 Thread 0x00000138da3ff800 nmethod 8673 0x00000138bfd3f610 code [0x00000138bfd3f7e0, 0x00000138bfd3fac8]
Event: 57.407 Thread 0x00000138e1b16000 8641       4       org.modelmapper.internal.bytebuddy.matcher.BooleanMatcher::matches (5 bytes)
Event: 57.407 Thread 0x00000138e1b16000 nmethod 8641 0x00000138c65ba810 code [0x00000138c65ba9a0, 0x00000138c65ba9f8]
Event: 57.407 Thread 0x00000138e1b16000 8674       4       org.modelmapper.internal.bytebuddy.description.ModifierReviewable$AbstractBase::isPublic (6 bytes)
Event: 57.408 Thread 0x00000138e1b16000 nmethod 8674 0x00000138c65bab10 code [0x00000138c65baca0, 0x00000138c65bad18]
Event: 57.408 Thread 0x00000138e1b16000 8646       4       org.modelmapper.internal.bytebuddy.matcher.LatentMatcher$Resolved::resolve (5 bytes)
Event: 57.408 Thread 0x00000138e1b16000 nmethod 8646 0x00000138c65bae10 code [0x00000138c65bafa0, 0x00000138c65bb018]
Event: 57.409 Thread 0x00000138e1b16000 8675       4       org.modelmapper.internal.bytebuddy.description.method.MethodList$TypeSubstituting::get (6 bytes)
Event: 57.414 Thread 0x00000138da3fb000 nmethod 8658 0x00000138c65bb110 code [0x00000138c65bb2e0, 0x00000138c65bb718]
Event: 57.414 Thread 0x00000138da3fb000 8676       4       org.modelmapper.internal.bytebuddy.implementation.bytecode.StackManipulation$Compound::apply (56 bytes)

GC Heap History (18 events):
Event: 0.964 GC heap before
{Heap before GC invocations=0 (full 0):
 garbage-first heap   total 262144K, used 24576K [0x0000000701a00000, 0x0000000800000000)
  region size 1024K, 24 young (24576K), 0 survivors (0K)
 Metaspace       used 10755K, capacity 10894K, committed 11136K, reserved 1058816K
  class space    used 999K, capacity 1054K, committed 1152K, reserved 1048576K
}
Event: 0.971 GC heap after
{Heap after GC invocations=1 (full 0):
 garbage-first heap   total 262144K, used 9934K [0x0000000701a00000, 0x0000000800000000)
  region size 1024K, 3 young (3072K), 3 survivors (3072K)
 Metaspace       used 10755K, capacity 10894K, committed 11136K, reserved 1058816K
  class space    used 999K, capacity 1054K, committed 1152K, reserved 1048576K
}
Event: 1.466 GC heap before
{Heap before GC invocations=1 (full 0):
 garbage-first heap   total 262144K, used 30414K [0x0000000701a00000, 0x0000000800000000)
  region size 1024K, 24 young (24576K), 3 survivors (3072K)
 Metaspace       used 14744K, capacity 14996K, committed 15232K, reserved 1062912K
  class space    used 1447K, capacity 1555K, committed 1664K, reserved 1048576K
}
Event: 1.470 GC heap after
{Heap after GC invocations=2 (full 0):
 garbage-first heap   total 262144K, used 10749K [0x0000000701a00000, 0x0000000800000000)
  region size 1024K, 2 young (2048K), 2 survivors (2048K)
 Metaspace       used 14744K, capacity 14996K, committed 15232K, reserved 1062912K
  class space    used 1447K, capacity 1555K, committed 1664K, reserved 1048576K
}
Event: 2.219 GC heap before
{Heap before GC invocations=2 (full 0):
 garbage-first heap   total 262144K, used 51709K [0x0000000701a00000, 0x0000000800000000)
  region size 1024K, 43 young (44032K), 2 survivors (2048K)
 Metaspace       used 20710K, capacity 21170K, committed 21248K, reserved 1069056K
  class space    used 2266K, capacity 2486K, committed 2560K, reserved 1048576K
}
Event: 2.224 GC heap after
{Heap after GC invocations=3 (full 0):
 garbage-first heap   total 262144K, used 12364K [0x0000000701a00000, 0x0000000800000000)
  region size 1024K, 3 young (3072K), 3 survivors (3072K)
 Metaspace       used 20710K, capacity 21170K, committed 21248K, reserved 1069056K
  class space    used 2266K, capacity 2486K, committed 2560K, reserved 1048576K
}
Event: 4.607 GC heap before
{Heap before GC invocations=4 (full 0):
 garbage-first heap   total 262144K, used 162892K [0x0000000701a00000, 0x0000000800000000)
  region size 1024K, 151 young (154624K), 3 survivors (3072K)
 Metaspace       used 34739K, capacity 35673K, committed 35840K, reserved 1081344K
  class space    used 4036K, capacity 4349K, committed 4352K, reserved 1048576K
}
Event: 4.627 GC heap after
{Heap after GC invocations=5 (full 0):
 garbage-first heap   total 262144K, used 17489K [0x0000000701a00000, 0x0000000800000000)
  region size 1024K, 8 young (8192K), 8 survivors (8192K)
 Metaspace       used 34739K, capacity 35673K, committed 35840K, reserved 1081344K
  class space    used 4036K, capacity 4349K, committed 4352K, reserved 1048576K
}
Event: 9.274 GC heap before
{Heap before GC invocations=6 (full 0):
 garbage-first heap   total 262144K, used 165969K [0x0000000701a00000, 0x0000000800000000)
  region size 1024K, 153 young (156672K), 8 survivors (8192K)
 Metaspace       used 54744K, capacity 56054K, committed 56192K, reserved 1097728K
  class space    used 6725K, capacity 7250K, committed 7296K, reserved 1048576K
}
Event: 9.294 GC heap after
{Heap after GC invocations=7 (full 0):
 garbage-first heap   total 262144K, used 27264K [0x0000000701a00000, 0x0000000800000000)
  region size 1024K, 18 young (18432K), 18 survivors (18432K)
 Metaspace       used 54744K, capacity 56054K, committed 56192K, reserved 1097728K
  class space    used 6725K, capacity 7250K, committed 7296K, reserved 1048576K
}
Event: 9.952 GC heap before
{Heap before GC invocations=7 (full 0):
 garbage-first heap   total 262144K, used 51840K [0x0000000701a00000, 0x0000000800000000)
  region size 1024K, 43 young (44032K), 18 survivors (18432K)
 Metaspace       used 58466K, capacity 59821K, committed 59904K, reserved 1101824K
  class space    used 7304K, capacity 7858K, committed 7936K, reserved 1048576K
}
Event: 9.982 GC heap after
{Heap after GC invocations=8 (full 0):
 garbage-first heap   total 262144K, used 29135K [0x0000000701a00000, 0x0000000800000000)
  region size 1024K, 12 young (12288K), 12 survivors (12288K)
 Metaspace       used 58466K, capacity 59821K, committed 59904K, reserved 1101824K
  class space    used 7304K, capacity 7858K, committed 7936K, reserved 1048576K
}
Event: 12.231 GC heap before
{Heap before GC invocations=9 (full 0):
 garbage-first heap   total 262144K, used 173519K [0x0000000701a00000, 0x0000000800000000)
  region size 1024K, 153 young (156672K), 12 survivors (12288K)
 Metaspace       used 69336K, capacity 71182K, committed 71424K, reserved 1112064K
  class space    used 8695K, capacity 9425K, committed 9472K, reserved 1048576K
}
Event: 12.247 GC heap after
{Heap after GC invocations=10 (full 0):
 garbage-first heap   total 315392K, used 34946K [0x0000000701a00000, 0x0000000800000000)
  region size 1024K, 8 young (8192K), 8 survivors (8192K)
 Metaspace       used 69336K, capacity 71182K, committed 71424K, reserved 1112064K
  class space    used 8695K, capacity 9425K, committed 9472K, reserved 1048576K
}
Event: 13.099 GC heap before
{Heap before GC invocations=10 (full 0):
 garbage-first heap   total 315392K, used 217218K [0x0000000701a00000, 0x0000000800000000)
  region size 1024K, 184 young (188416K), 8 survivors (8192K)
 Metaspace       used 70755K, capacity 72619K, committed 72832K, reserved 1112064K
  class space    used 8819K, capacity 9560K, committed 9600K, reserved 1048576K
}
Event: 13.109 GC heap after
{Heap after GC invocations=11 (full 0):
 garbage-first heap   total 315392K, used 41293K [0x0000000701a00000, 0x0000000800000000)
  region size 1024K, 15 young (15360K), 15 survivors (15360K)
 Metaspace       used 70755K, capacity 72619K, committed 72832K, reserved 1112064K
  class space    used 8819K, capacity 9560K, committed 9600K, reserved 1048576K
}
Event: 26.810 GC heap before
{Heap before GC invocations=11 (full 0):
 garbage-first heap   total 315392K, used 213325K [0x0000000701a00000, 0x0000000800000000)
  region size 1024K, 184 young (188416K), 15 survivors (15360K)
 Metaspace       used 84208K, capacity 86417K, committed 86656K, reserved 1124352K
  class space    used 10654K, capacity 11521K, committed 11648K, reserved 1048576K
}
Event: 26.821 GC heap after
{Heap after GC invocations=12 (full 0):
 garbage-first heap   total 315392K, used 40589K [0x0000000701a00000, 0x0000000800000000)
  region size 1024K, 7 young (7168K), 7 survivors (7168K)
 Metaspace       used 84208K, capacity 86417K, committed 86656K, reserved 1124352K
  class space    used 10654K, capacity 11521K, committed 11648K, reserved 1048576K
}

Deoptimization events (20 events):
Event: 22.178 Thread 0x00000138de801800 DEOPT PACKING pc=0x00000138c6110908 sp=0x0000000493df8900
Event: 22.178 Thread 0x00000138de801800 DEOPT UNPACKING pc=0x00000138be52a1af sp=0x0000000493df8898 mode 2
Event: 22.178 Thread 0x00000138de80a800 DEOPT PACKING pc=0x00000138c6110908 sp=0x0000000493ff8ba0
Event: 22.178 Thread 0x00000138de80a800 DEOPT UNPACKING pc=0x00000138be52a1af sp=0x0000000493ff8b38 mode 2
Event: 26.177 Thread 0x00000138de80a000 Uncommon trap: trap_request=0xffffff4d fr.pc=0x00000138c651b914 relative=0x0000000000000714
Event: 26.177 Thread 0x00000138de80a000 Uncommon trap: reason=unstable_if action=reinterpret pc=0x00000138c651b914 method=org.apache.tomcat.util.buf.MessageBytes.equalsIgnoreCase(Ljava/lang/String;)Z @ 4 c2
Event: 26.177 Thread 0x00000138de80a000 DEOPT PACKING pc=0x00000138c651b914 sp=0x00000004940fe440
Event: 26.177 Thread 0x00000138de80a000 DEOPT UNPACKING pc=0x00000138be52a1af sp=0x00000004940fe410 mode 2
Event: 26.821 Thread 0x00000138da380800 Uncommon trap: trap_request=0xffffffde fr.pc=0x00000138c620bc34 relative=0x0000000000000574
Event: 26.821 Thread 0x00000138da380800 Uncommon trap: reason=class_check action=maybe_recompile pc=0x00000138c620bc34 method=jdk.internal.ref.PhantomCleanable.clean()V @ 12 c2
Event: 26.821 Thread 0x00000138da380800 DEOPT PACKING pc=0x00000138c620bc34 sp=0x0000000491ffed20
Event: 26.821 Thread 0x00000138da380800 DEOPT UNPACKING pc=0x00000138be52a1af sp=0x0000000491ffed00 mode 2
Event: 54.369 Thread 0x00000138de805000 Uncommon trap: trap_request=0xffffff4d fr.pc=0x00000138c612ee74 relative=0x0000000000000134
Event: 54.369 Thread 0x00000138de805000 Uncommon trap: reason=unstable_if action=reinterpret pc=0x00000138c612ee74 method=java.util.IdentityHashMap.nextKeyIndex(II)I @ 4 c2
Event: 54.369 Thread 0x00000138de805000 DEOPT PACKING pc=0x00000138c612ee74 sp=0x00000004938f7b80
Event: 54.369 Thread 0x00000138de805000 DEOPT UNPACKING pc=0x00000138be52a1af sp=0x00000004938f7a98 mode 2
Event: 54.532 Thread 0x00000138de805000 Uncommon trap: trap_request=0xffffff4d fr.pc=0x00000138c643c978 relative=0x0000000000001318
Event: 54.532 Thread 0x00000138de805000 Uncommon trap: reason=unstable_if action=reinterpret pc=0x00000138c643c978 method=java.util.concurrent.ConcurrentHashMap.transfer([Ljava/util/concurrent/ConcurrentHashMap$Node;[Ljava/util/concurrent/ConcurrentHashMap$Node;)V @ 352 c2
Event: 54.532 Thread 0x00000138de805000 DEOPT PACKING pc=0x00000138c643c978 sp=0x00000004938fa340
Event: 54.532 Thread 0x00000138de805000 DEOPT UNPACKING pc=0x00000138be52a1af sp=0x00000004938fa2e8 mode 2

Classes redefined (0 events):
No events

Internal exceptions (20 events):
Event: 26.774 Thread 0x00000138de80a000 Exception <a 'java/lang/reflect/InvocationTargetException'{0x000000070a839088}> (0x000000070a839088) thrown at [./src/hotspot/share/runtime/reflection.cpp, line 1247]
Event: 26.774 Thread 0x00000138de80a000 Exception <a 'java/lang/IllegalArgumentException'{0x000000070a839bb8}: Wrong type at constant pool index> (0x000000070a839bb8) thrown at [./src/hotspot/share/prims/jvm.cpp, line 2051]
Event: 26.774 Thread 0x00000138de80a000 Exception <a 'java/lang/reflect/InvocationTargetException'{0x000000070a83a680}> (0x000000070a83a680) thrown at [./src/hotspot/share/runtime/reflection.cpp, line 1247]
Event: 26.798 Thread 0x00000138de80a000 Exception <a 'java/lang/IllegalArgumentException'{0x000000070a6bfa60}: Wrong type at constant pool index> (0x000000070a6bfa60) thrown at [./src/hotspot/share/prims/jvm.cpp, line 2051]
Event: 26.798 Thread 0x00000138de80a000 Exception <a 'java/lang/reflect/InvocationTargetException'{0x000000070a6c0528}> (0x000000070a6c0528) thrown at [./src/hotspot/share/runtime/reflection.cpp, line 1247]
Event: 26.798 Thread 0x00000138de80a000 Exception <a 'java/lang/IllegalArgumentException'{0x000000070a6c1058}: Wrong type at constant pool index> (0x000000070a6c1058) thrown at [./src/hotspot/share/prims/jvm.cpp, line 2051]
Event: 26.836 Thread 0x00000138de80a000 Exception <a 'java/lang/IllegalArgumentException'{0x0000000714cc48e0}: Wrong type at constant pool index> (0x0000000714cc48e0) thrown at [./src/hotspot/share/prims/jvm.cpp, line 2051]
Event: 26.836 Thread 0x00000138de80a000 Exception <a 'java/lang/IllegalArgumentException'{0x0000000714cc5ed8}: Wrong type at constant pool index> (0x0000000714cc5ed8) thrown at [./src/hotspot/share/prims/jvm.cpp, line 2051]
Event: 54.400 Thread 0x00000138de805000 Exception <a 'java/lang/IllegalArgumentException'{0x00000007143c7e80}: Wrong type at constant pool index> (0x00000007143c7e80) thrown at [./src/hotspot/share/prims/jvm.cpp, line 2051]
Event: 54.400 Thread 0x00000138de805000 Exception <a 'java/lang/IllegalArgumentException'{0x00000007143c9478}: Wrong type at constant pool index> (0x00000007143c9478) thrown at [./src/hotspot/share/prims/jvm.cpp, line 2051]
Event: 54.428 Thread 0x00000138de805000 Exception <a 'java/lang/IllegalArgumentException'{0x0000000714046308}: Wrong type at constant pool index> (0x0000000714046308) thrown at [./src/hotspot/share/prims/jvm.cpp, line 2051]
Event: 54.428 Thread 0x00000138de805000 Exception <a 'java/lang/IllegalArgumentException'{0x0000000714047900}: Wrong type at constant pool index> (0x0000000714047900) thrown at [./src/hotspot/share/prims/jvm.cpp, line 2051]
Event: 54.443 Thread 0x00000138de805000 Exception <a 'java/lang/IllegalArgumentException'{0x0000000713e0c2f0}: Wrong type at constant pool index> (0x0000000713e0c2f0) thrown at [./src/hotspot/share/prims/jvm.cpp, line 2051]
Event: 54.444 Thread 0x00000138de805000 Exception <a 'java/lang/IllegalArgumentException'{0x0000000713e0d8e8}: Wrong type at constant pool index> (0x0000000713e0d8e8) thrown at [./src/hotspot/share/prims/jvm.cpp, line 2051]
Event: 54.458 Thread 0x00000138de805000 Exception <a 'java/lang/IllegalArgumentException'{0x0000000713de7310}: Wrong type at constant pool index> (0x0000000713de7310) thrown at [./src/hotspot/share/prims/jvm.cpp, line 2051]
Event: 54.459 Thread 0x00000138de805000 Exception <a 'java/lang/IllegalArgumentException'{0x0000000713de8908}: Wrong type at constant pool index> (0x0000000713de8908) thrown at [./src/hotspot/share/prims/jvm.cpp, line 2051]
Event: 54.480 Thread 0x00000138de805000 Exception <a 'java/lang/IllegalArgumentException'{0x0000000713ae2138}: Wrong type at constant pool index> (0x0000000713ae2138) thrown at [./src/hotspot/share/prims/jvm.cpp, line 2051]
Event: 54.480 Thread 0x00000138de805000 Exception <a 'java/lang/IllegalArgumentException'{0x0000000713ae3730}: Wrong type at constant pool index> (0x0000000713ae3730) thrown at [./src/hotspot/share/prims/jvm.cpp, line 2051]
Event: 54.496 Thread 0x00000138de805000 Exception <a 'java/lang/IllegalArgumentException'{0x000000071375bf18}: Wrong type at constant pool index> (0x000000071375bf18) thrown at [./src/hotspot/share/prims/jvm.cpp, line 2051]
Event: 54.496 Thread 0x00000138de805000 Exception <a 'java/lang/IllegalArgumentException'{0x000000071375d510}: Wrong type at constant pool index> (0x000000071375d510) thrown at [./src/hotspot/share/prims/jvm.cpp, line 2051]

Events (20 events):
Event: 54.536 Executing VM operation: Deoptimize done
Event: 54.536 loading class java/util/Collections$SynchronizedNavigableSet done
Event: 54.536 loading class java/util/Collections$UnmodifiableNavigableMap
Event: 54.537 loading class java/util/Collections$UnmodifiableSortedMap
Event: 54.537 loading class java/util/Collections$UnmodifiableSortedMap done
Event: 54.537 Executing VM operation: Deoptimize
Event: 54.537 Executing VM operation: Deoptimize done
Event: 54.537 loading class java/util/Collections$UnmodifiableNavigableMap done
Event: 54.537 loading class java/util/Collections$UnmodifiableNavigableSet
Event: 54.537 loading class java/util/Collections$UnmodifiableSortedSet
Event: 54.538 loading class java/util/Collections$UnmodifiableSortedSet done
Event: 54.538 loading class java/util/Collections$UnmodifiableNavigableSet done
Event: 54.539 loading class java/time/format/DateTimePrintContext
Event: 54.539 loading class java/time/format/DateTimePrintContext done
Event: 54.539 loading class java/time/format/DateTimeFormatterBuilder$3
Event: 54.539 loading class java/time/format/DateTimeFormatterBuilder$3 done
Event: 54.541 loading class org/springframework/data/domain/Sort$TypedSort
Event: 54.541 loading class org/springframework/data/domain/Sort$TypedSort done
Event: 54.542 loading class javax/annotation/Nonnull
Event: 54.542 loading class javax/annotation/Nonnull done


Dynamic libraries:
0x00007ff7a0dd0000 - 0x00007ff7a0ddd000 	C:\Users\gosma\.jdks\corretto-11.0.15\bin\java.exe
0x00007ffdfad40000 - 0x00007ffdfaf49000 	C:\WINDOWS\SYSTEM32\ntdll.dll
0x00007ffdfa480000 - 0x00007ffdfa53e000 	C:\WINDOWS\System32\KERNEL32.DLL
0x00007ffdf8730000 - 0x00007ffdf8ab4000 	C:\WINDOWS\System32\KERNELBASE.dll
0x00007ffdf8350000 - 0x00007ffdf8461000 	C:\WINDOWS\System32\ucrtbase.dll
0x00007ffde48f0000 - 0x00007ffde4907000 	C:\Users\gosma\.jdks\corretto-11.0.15\bin\jli.dll
0x00007ffde4b80000 - 0x00007ffde4b99000 	C:\Users\gosma\.jdks\corretto-11.0.15\bin\VCRUNTIME140.dll
0x00007ffdfa540000 - 0x00007ffdfa6ed000 	C:\WINDOWS\System32\USER32.dll
0x00007ffdf8700000 - 0x00007ffdf8726000 	C:\WINDOWS\System32\win32u.dll
0x00007ffdccf30000 - 0x00007ffdcd1d5000 	C:\WINDOWS\WinSxS\amd64_microsoft.windows.common-controls_6595b64144ccf1df_6.0.22000.120_none_9d947278b86cc467\COMCTL32.dll
0x00007ffdf8e80000 - 0x00007ffdf8eaa000 	C:\WINDOWS\System32\GDI32.dll
0x00007ffdf9d50000 - 0x00007ffdf9df3000 	C:\WINDOWS\System32\msvcrt.dll
0x00007ffdf8470000 - 0x00007ffdf858f000 	C:\WINDOWS\System32\gdi32full.dll
0x00007ffdf82b0000 - 0x00007ffdf834d000 	C:\WINDOWS\System32\msvcp_win.dll
0x00007ffdf97d0000 - 0x00007ffdf9801000 	C:\WINDOWS\System32\IMM32.DLL
0x00007ffdc80e0000 - 0x00007ffdc817b000 	C:\Users\gosma\.jdks\corretto-11.0.15\bin\msvcp140.dll
0x00007ffdaddd0000 - 0x00007ffdae953000 	C:\Users\gosma\.jdks\corretto-11.0.15\bin\server\jvm.dll
0x00007ffdf9810000 - 0x00007ffdf98bf000 	C:\WINDOWS\System32\ADVAPI32.dll
0x00007ffdf8de0000 - 0x00007ffdf8e7e000 	C:\WINDOWS\System32\sechost.dll
0x00007ffdf9e00000 - 0x00007ffdf9f21000 	C:\WINDOWS\System32\RPCRT4.dll
0x00007ffdfa700000 - 0x00007ffdfa708000 	C:\WINDOWS\System32\PSAPI.DLL
0x00007ffdd7b10000 - 0x00007ffdd7b19000 	C:\WINDOWS\SYSTEM32\WSOCK32.dll
0x00007ffdea050000 - 0x00007ffdea05a000 	C:\WINDOWS\SYSTEM32\VERSION.dll
0x00007ffde2f00000 - 0x00007ffde2f33000 	C:\WINDOWS\SYSTEM32\WINMM.dll
0x00007ffdfaaf0000 - 0x00007ffdfab5f000 	C:\WINDOWS\System32\WS2_32.dll
0x00007ffdf7230000 - 0x00007ffdf7248000 	C:\WINDOWS\SYSTEM32\kernel.appcore.dll
0x00007ffdf26d0000 - 0x00007ffdf26e0000 	C:\Users\gosma\.jdks\corretto-11.0.15\bin\verify.dll
0x00007ffdf5d90000 - 0x00007ffdf5fb1000 	C:\WINDOWS\SYSTEM32\DBGHELP.DLL
0x00007ffde32b0000 - 0x00007ffde32e1000 	C:\WINDOWS\SYSTEM32\dbgcore.DLL
0x00007ffdf8b30000 - 0x00007ffdf8baf000 	C:\WINDOWS\System32\bcryptPrimitives.dll
0x00007ffde29c0000 - 0x00007ffde29e8000 	C:\Users\gosma\.jdks\corretto-11.0.15\bin\java.dll
0x00007ffdea320000 - 0x00007ffdea32a000 	C:\Users\gosma\.jdks\corretto-11.0.15\bin\jimage.dll
0x00007ffde4b10000 - 0x00007ffde4b1e000 	C:\Users\gosma\.jdks\corretto-11.0.15\bin\instrument.dll
0x00007ffde4490000 - 0x00007ffde44a8000 	C:\Users\gosma\.jdks\corretto-11.0.15\bin\zip.dll
0x00007ffdf8fe0000 - 0x00007ffdf97a5000 	C:\WINDOWS\System32\SHELL32.dll
0x00007ffdf6130000 - 0x00007ffdf6994000 	C:\WINDOWS\SYSTEM32\windows.storage.dll
0x00007ffdf9f30000 - 0x00007ffdfa2a6000 	C:\WINDOWS\System32\combase.dll
0x00007ffdf5fc0000 - 0x00007ffdf6127000 	C:\WINDOWS\SYSTEM32\wintypes.dll
0x00007ffdfa7c0000 - 0x00007ffdfa8aa000 	C:\WINDOWS\System32\SHCORE.dll
0x00007ffdfa8c0000 - 0x00007ffdfa91d000 	C:\WINDOWS\System32\shlwapi.dll
0x00007ffdf8120000 - 0x00007ffdf8141000 	C:\WINDOWS\SYSTEM32\profapi.dll
0x00007ffde34b0000 - 0x00007ffde34c9000 	C:\Users\gosma\.jdks\corretto-11.0.15\bin\net.dll
0x00007ffdf0130000 - 0x00007ffdf0243000 	C:\WINDOWS\SYSTEM32\WINHTTP.dll
0x00007ffdf76c0000 - 0x00007ffdf7727000 	C:\WINDOWS\system32\mswsock.dll
0x00007ffde1510000 - 0x00007ffde1523000 	C:\Users\gosma\.jdks\corretto-11.0.15\bin\nio.dll
0x00007ffddeb70000 - 0x00007ffddeb8a000 	C:\Program Files\JetBrains\IntelliJ IDEA Community Edition 2021.1.3\bin\breakgen64.dll
0x00007ffde2770000 - 0x00007ffde2779000 	C:\Users\gosma\.jdks\corretto-11.0.15\bin\management.dll
0x00007ffde07c0000 - 0x00007ffde07cb000 	C:\Users\gosma\.jdks\corretto-11.0.15\bin\management_ext.dll
0x00007ffdd78b0000 - 0x00007ffdd78c7000 	C:\WINDOWS\system32\napinsp.dll
0x00007ffdd7890000 - 0x00007ffdd78ab000 	C:\WINDOWS\system32\pnrpnsp.dll
0x00007ffdf6d80000 - 0x00007ffdf6e68000 	C:\WINDOWS\SYSTEM32\DNSAPI.dll
0x00007ffdf6d50000 - 0x00007ffdf6d7d000 	C:\WINDOWS\SYSTEM32\IPHLPAPI.DLL
0x00007ffdfa6f0000 - 0x00007ffdfa6f9000 	C:\WINDOWS\System32\NSI.dll
0x00007ffdd7870000 - 0x00007ffdd7882000 	C:\WINDOWS\System32\winrnr.dll
0x00007ffdeb3a0000 - 0x00007ffdeb3b5000 	C:\WINDOWS\system32\wshbth.dll
0x00007ffdd7850000 - 0x00007ffdd786f000 	C:\WINDOWS\system32\nlansp_c.dll
0x00007ffde3750000 - 0x00007ffde375a000 	C:\Windows\System32\rasadhlp.dll
0x00007ffdeb310000 - 0x00007ffdeb392000 	C:\WINDOWS\System32\fwpuclnt.dll
0x00007ffdf7990000 - 0x00007ffdf79a8000 	C:\WINDOWS\SYSTEM32\CRYPTSP.dll
0x00007ffdf7190000 - 0x00007ffdf71c5000 	C:\WINDOWS\system32\rsaenh.dll
0x00007ffdf7760000 - 0x00007ffdf7789000 	C:\WINDOWS\SYSTEM32\USERENV.dll
0x00007ffdf7b50000 - 0x00007ffdf7b77000 	C:\WINDOWS\SYSTEM32\bcrypt.dll
0x00007ffdf78b0000 - 0x00007ffdf78bc000 	C:\WINDOWS\SYSTEM32\CRYPTBASE.dll
0x00007ffdef910000 - 0x00007ffdef929000 	C:\WINDOWS\SYSTEM32\dhcpcsvc6.DLL
0x00007ffdf0de0000 - 0x00007ffdf0dfe000 	C:\WINDOWS\SYSTEM32\dhcpcsvc.DLL
0x00007ffdcf0d0000 - 0x00007ffdcf0f5000 	C:\Users\gosma\.jdks\corretto-11.0.15\bin\sunec.dll
0x00007ffde04a0000 - 0x00007ffde04ae000 	C:\Users\gosma\.jdks\corretto-11.0.15\bin\sunmscapi.dll
0x00007ffdf8590000 - 0x00007ffdf86fa000 	C:\WINDOWS\System32\CRYPT32.dll
0x00007ffdf7b20000 - 0x00007ffdf7b4a000 	C:\WINDOWS\SYSTEM32\ncrypt.dll
0x00007ffdf7ae0000 - 0x00007ffdf7b17000 	C:\WINDOWS\SYSTEM32\NTASN1.dll

dbghelp: loaded successfully - version: 4.0.5 - missing functions: none
symbol engine: initialized successfully - sym options: 0x614 - pdb path: .;C:\Users\gosma\.jdks\corretto-11.0.15\bin;C:\WINDOWS\SYSTEM32;C:\WINDOWS\WinSxS\amd64_microsoft.windows.common-controls_6595b64144ccf1df_6.0.22000.120_none_9d947278b86cc467;C:\Users\gosma\.jdks\corretto-11.0.15\bin\server;C:\Program Files\JetBrains\IntelliJ IDEA Community Edition 2021.1.3\bin

VM Arguments:
jvm_args: -javaagent:C:\Program Files\JetBrains\IntelliJ IDEA Community Edition 2021.1.3\lib\idea_rt.jar=54765:C:\Program Files\JetBrains\IntelliJ IDEA Community Edition 2021.1.3\bin -Dfile.encoding=UTF-8 
java_command: com.hospital.management.ManagementApplication
java_class_path (initial): E:\hm\hospital-management\hm-be\target\classes;C:\Users\gosma\.m2\repository\org\springframework\boot\spring-boot-starter-data-jpa\2.6.8\spring-boot-starter-data-jpa-2.6.8.jar;C:\Users\gosma\.m2\repository\org\springframework\boot\spring-boot-starter-aop\2.6.8\spring-boot-starter-aop-2.6.8.jar;C:\Users\gosma\.m2\repository\org\aspectj\aspectjweaver\1.9.7\aspectjweaver-1.9.7.jar;C:\Users\gosma\.m2\repository\org\springframework\boot\spring-boot-starter-jdbc\2.6.8\spring-boot-starter-jdbc-2.6.8.jar;C:\Users\gosma\.m2\repository\com\zaxxer\HikariCP\4.0.3\HikariCP-4.0.3.jar;C:\Users\gosma\.m2\repository\org\springframework\spring-jdbc\5.3.20\spring-jdbc-5.3.20.jar;C:\Users\gosma\.m2\repository\jakarta\transaction\jakarta.transaction-api\1.3.3\jakarta.transaction-api-1.3.3.jar;C:\Users\gosma\.m2\repository\jakarta\persistence\jakarta.persistence-api\2.2.3\jakarta.persistence-api-2.2.3.jar;C:\Users\gosma\.m2\repository\org\hibernate\hibernate-core\5.6.9.Final\hibernate-core-5.6.9.Final.jar;C:\Users\gosma\.m2\repository\net\bytebuddy\byte-buddy\1.11.22\byte-buddy-1.11.22.jar;C:\Users\gosma\.m2\repository\antlr\antlr\2.7.7\antlr-2.7.7.jar;C:\Users\gosma\.m2\repository\org\jboss\jandex\2.4.2.Final\jandex-2.4.2.Final.jar;C:\Users\gosma\.m2\repository\org\hibernate\common\hibernate-commons-annotations\5.1.2.Final\hibernate-commons-annotations-5.1.2.Final.jar;C:\Users\gosma\.m2\repository\org\glassfish\jaxb\jaxb-runtime\2.3.6\jaxb-runtime-2.3.6.jar;C:\Users\gosma\.m2\repository\org\glassfish\jaxb\txw2\2.3.6\txw2-2.3.6.jar;C:\Users\gosma\.m2\repository\com\sun\istack\istack-commons-runtime\3.0.12\istack-commons-runtime-3.0.12.jar;C:\Users\gosma\.m2\repository\org\springframework\data\spring-data-jpa\2.6.4\spring-data-jpa-2.6.4.jar;C:\Users\gosma\.m2\repository\org\springframework\data\spring-data-commons\2.6.4\spring-data-commons-2.6.4.jar;C:\Users\gosma\.m2\repository\org\springframework\spring-orm\5.3.20\spring-orm-5.3.20.jar;C:\Users\gosma\.m2\rep
Launcher Type: SUN_STANDARD

[Global flags]
     intx CICompilerCount                          = 4                                         {product} {ergonomic}
     uint ConcGCThreads                            = 2                                         {product} {ergonomic}
     uint G1ConcRefinementThreads                  = 8                                         {product} {ergonomic}
   size_t G1HeapRegionSize                         = 1048576                                   {product} {ergonomic}
    uintx GCDrainStackTargetSize                   = 64                                        {product} {ergonomic}
   size_t InitialHeapSize                          = 268435456                                 {product} {ergonomic}
   size_t MarkStackSize                            = 4194304                                   {product} {ergonomic}
   size_t MaxHeapSize                              = 4267704320                                {product} {ergonomic}
   size_t MaxNewSize                               = 2560622592                                {product} {ergonomic}
   size_t MinHeapDeltaBytes                        = 1048576                                   {product} {ergonomic}
    uintx NonNMethodCodeHeapSize                   = 5836300                                {pd product} {ergonomic}
    uintx NonProfiledCodeHeapSize                  = 122910970                              {pd product} {ergonomic}
    uintx ProfiledCodeHeapSize                     = 122910970                              {pd product} {ergonomic}
    uintx ReservedCodeCacheSize                    = 251658240                              {pd product} {ergonomic}
     bool SegmentedCodeCache                       = true                                      {product} {ergonomic}
     bool UseCompressedClassPointers               = true                                 {lp64_product} {ergonomic}
     bool UseCompressedOops                        = true                                 {lp64_product} {ergonomic}
     bool UseG1GC                                  = true                                      {product} {ergonomic}
     bool UseLargePagesIndividualAllocation        = false                                  {pd product} {ergonomic}

Logging:
Log output configuration:
 #0: stdout all=warning uptime,level,tags
 #1: stderr all=off uptime,level,tags

Environment Variables:
JAVA_HOME=C:\Program Files\Amazon Corretto\jdk11.0.14_10
CLASSPATH=E:\orcle\app\oracle\product\11.2.0\server\jdbc\lib;.;C:\jfreechart-1.0.1\lib\jcommon-1.0.0.jar;C:\jfreechart-1.0.1\lib\jfreechart-1.0.1;E:\jv\PALab11\ojdbc8.jar;C:\Program Files\PostgreSQL\14\lib;
PATH=C:\Program Files\Amazon Corretto\jdk11.0.14_10\bin;E:\orcle\app\oracle\product\11.2.0\server\bin;C:\Program Files (x86)\Common Files\Oracle\Java\javapath;C:\WINDOWS\system32;C:\WINDOWS;C:\WINDOWS\System32\Wbem;C:\WINDOWS\System32\WindowsPowerShell\v1.0\;C:\xampp\php;C:\composer;C:\Program Files\Git\cmd;C:\Program Files\Java\jdk1.8.0_281\bin;C:\Gradle\gradle-6.8.3\bin;C:\WINDOWS\System32\OpenSSH\;C:\Program Files\PuTTY\;C:\Program Files\Docker\Docker\resources\bin;C:\ProgramData\DockerDesktop\version-bin;C:\Program Files\PostgreSQL\14\lib;C:\Program Files\PostgreSQL\14\bin;C:\Program Files\dotnet\;C:\Maven\apache-maven-3.8.5\bin;C:\Program Files (x86)\Microsoft SQL Server\160\DTS\Binn\;C:\Program Files\Azure Data Studio\bin;C:\Program Files\Java\jdk-14.0.2\bin;C:\Program Files\nodejs\;C:\Users\gosma\AppData\Local\Microsoft\WindowsApps;;C:\Users\gosma\AppData\Local\Programs\Microsoft VS Code\bin;C:\Users\gosma\AppData\Roaming\Composer\vendor\bin;C:\Program Files\JetBrains\IntelliJ IDEA 2021.1.1\bin;;C:\Users\gosma\.dotnet\tools;C:\Program Files\JetBrains\IntelliJ IDEA Community Edition 2021.1.3\bin;;C:\Program Files\Azure Data Studio\bin;C:\Users\gosma\AppData\Roaming\npm
USERNAME=gosma
OS=Windows_NT
PROCESSOR_IDENTIFIER=Intel64 Family 6 Model 142 Stepping 10, GenuineIntel



---------------  S Y S T E M  ---------------

OS: Windows 11 , 64 bit Build 22000 (10.0.22000.1880)
OS uptime: 19 days 5:42 hours
Hyper-V role detected

CPU:total 8 (initial active 8) (4 cores per cpu, 2 threads per core) family 6 model 142 stepping 10 microcode 0xf0, cmov, cx8, fxsr, mmx, sse, sse2, sse3, ssse3, sse4.1, sse4.2, popcnt, avx, avx2, aes, clmul, erms, 3dnowpref, lzcnt, ht, tsc, tscinvbit, bmi1, bmi2, adx, fma

Memory: 4k page, system-wide physical 16275M (2893M free)
TotalPageFile size 23608M (AvailPageFile size 6M)
current process WorkingSet (physical memory assigned to process): 464M, peak: 508M
current process commit charge ("private bytes"): 558M, peak: 608M

vm_info: OpenJDK 64-Bit Server VM (11.0.15+9-LTS) for windows-amd64 JRE (11.0.15+9-LTS), built on Apr 15 2022 22:20:31 by "Administrator" with unknown MS VC++:1916

END.
