#
# There is insufficient memory for the Java Runtime Environment to continue.
# Native memory allocation (malloc) failed to allocate 1915056 bytes for Chunk::new
# Possible reasons:
#   The system is out of physical RAM or swap space
#   The process is running with CompressedOops enabled, and the Java Heap may be blocking the growth of the native heap
# Possible solutions:
#   Reduce memory load on the system
#   Increase physical memory or swap space
#   Check if swap backing store is full
#   Decrease Java heap size (-Xmx/-Xms)
#   Decrease number of Java threads
#   Decrease Java thread stack sizes (-Xss)
#   Set larger code cache with -XX:ReservedCodeCacheSize=
#   JVM is running with Zero Based Compressed Oops mode in which the Java heap is
#     placed in the first 32GB address space. The Java Heap base address is the
#     maximum limit for the native heap growth. Please use -XX:HeapBaseMinAddress
#     to set the Java Heap base and to place the Java Heap above 32GB virtual address.
# This output file may be truncated or incomplete.
#
#  Out of Memory Error (./src/hotspot/share/memory/arena.cpp:197), pid=12972, tid=4736
#
# JRE version: OpenJDK Runtime Environment Corretto-11.0.15.9.1 (11.0.15+9) (build 11.0.15+9-LTS)
# Java VM: OpenJDK 64-Bit Server VM Corretto-11.0.15.9.1 (11.0.15+9-LTS, mixed mode, tiered, compressed oops, g1 gc, windows-amd64)
# No core dump will be written. Minidumps are not enabled by default on client versions of Windows
#

---------------  S U M M A R Y ------------

Command Line: -javaagent:C:\Program Files\JetBrains\IntelliJ IDEA Community Edition 2021.1.3\lib\idea_rt.jar=55845:C:\Program Files\JetBrains\IntelliJ IDEA Community Edition 2021.1.3\bin -Dfile.encoding=UTF-8 com.hospital.management.ManagementApplication

Host: Intel(R) Core(TM) i7-8550U CPU @ 1.80GHz, 8 cores, 15G,  Windows 11 , 64 bit Build 22000 (10.0.22000.1880)
Time: Wed Jun  7 15:10:42 2023 GTB Summer Time elapsed time: 11.809844 seconds (0d 0h 0m 11s)

---------------  T H R E A D  ---------------

Current thread (0x0000017b3977b000):  JavaThread "C2 CompilerThread0" daemon [_thread_in_native, id=4736, stack(0x0000001b8b100000,0x0000001b8b200000)]


Current CompileTask:
C2:  11809 2159   !   4       jdk.internal.loader.BuiltinClassLoader::loadClassOrNull (143 bytes)

Stack: [0x0000001b8b100000,0x0000001b8b200000]
Native frames: (J=compiled Java code, j=interpreted, Vv=VM code, C=native code)
V  [jvm.dll+0x61e7ba]
V  [jvm.dll+0x7ab749]
V  [jvm.dll+0x7ace38]
V  [jvm.dll+0x7ad513]
V  [jvm.dll+0x24f968]
V  [jvm.dll+0xc262c]
V  [jvm.dll+0xc2bec]
V  [jvm.dll+0x359b62]
V  [jvm.dll+0x325b23]
V  [jvm.dll+0x324e5a]
V  [jvm.dll+0x208da5]
V  [jvm.dll+0x207f8d]
V  [jvm.dll+0x18a371]
V  [jvm.dll+0x2176e4]
V  [jvm.dll+0x21592b]
V  [jvm.dll+0x76e250]
V  [jvm.dll+0x7671b4]
V  [jvm.dll+0x61d616]
C  [ucrtbase.dll+0x26c0c]
C  [KERNEL32.DLL+0x155a0]
C  [ntdll.dll+0x485b]


---------------  P R O C E S S  ---------------

Threads class SMR info:
_java_thread_list=0x0000017b3b4be210, length=14, elements={
0x0000017b13211800, 0x0000017b38e7c800, 0x0000017b38e7d800, 0x0000017b39770800,
0x0000017b39775800, 0x0000017b39779800, 0x0000017b3977b000, 0x0000017b39787800,
0x0000017b3978a800, 0x0000017b38e25000, 0x0000017b39c54800, 0x0000017b3a1ba800,
0x0000017b39c58000, 0x0000017b39f23800
}

Java Threads: ( => current thread )
  0x0000017b13211800 JavaThread "main" [_thread_blocked, id=15956, stack(0x0000001b8a500000,0x0000001b8a600000)]
  0x0000017b38e7c800 JavaThread "Reference Handler" daemon [_thread_blocked, id=10292, stack(0x0000001b8ac00000,0x0000001b8ad00000)]
  0x0000017b38e7d800 JavaThread "Finalizer" daemon [_thread_blocked, id=15732, stack(0x0000001b8ad00000,0x0000001b8ae00000)]
  0x0000017b39770800 JavaThread "Signal Dispatcher" daemon [_thread_blocked, id=20096, stack(0x0000001b8ae00000,0x0000001b8af00000)]
  0x0000017b39775800 JavaThread "Attach Listener" daemon [_thread_blocked, id=9972, stack(0x0000001b8af00000,0x0000001b8b000000)]
  0x0000017b39779800 JavaThread "Service Thread" daemon [_thread_blocked, id=18536, stack(0x0000001b8b000000,0x0000001b8b100000)]
=>0x0000017b3977b000 JavaThread "C2 CompilerThread0" daemon [_thread_in_native, id=4736, stack(0x0000001b8b100000,0x0000001b8b200000)]
  0x0000017b39787800 JavaThread "C1 CompilerThread0" daemon [_thread_blocked, id=20388, stack(0x0000001b8b200000,0x0000001b8b300000)]
  0x0000017b3978a800 JavaThread "Sweeper thread" daemon [_thread_blocked, id=16196, stack(0x0000001b8b300000,0x0000001b8b400000)]
  0x0000017b38e25000 JavaThread "Common-Cleaner" daemon [_thread_blocked, id=8600, stack(0x0000001b8b400000,0x0000001b8b500000)]
  0x0000017b39c54800 JavaThread "Monitor Ctrl-Break" daemon [_thread_in_native, id=19572, stack(0x0000001b8b500000,0x0000001b8b600000)]
  0x0000017b3a1ba800 JavaThread "C2 CompilerThread1" daemon [_thread_blocked, id=19084, stack(0x0000001b8b700000,0x0000001b8b800000)]
  0x0000017b39c58000 JavaThread "Thread-0" [_thread_blocked, id=7928, stack(0x0000001b8be00000,0x0000001b8bf00000)]
  0x0000017b39f23800 JavaThread "restartedMain" [_thread_in_native, id=18652, stack(0x0000001b8bf00000,0x0000001b8c000000)]

Other Threads:
  0x0000017b38e69000 VMThread "VM Thread" [stack: 0x0000001b8ab00000,0x0000001b8ac00000] [id=13204]
  0x0000017b3a0d6000 WatcherThread [stack: 0x0000001b8b600000,0x0000001b8b700000] [id=6644]
  0x0000017b13228800 GCTaskThread "GC Thread#0" [stack: 0x0000001b8a600000,0x0000001b8a700000] [id=12936]
  0x0000017b3aab6000 GCTaskThread "GC Thread#1" [stack: 0x0000001b8b900000,0x0000001b8ba00000] [id=17320]
  0x0000017b3aace800 GCTaskThread "GC Thread#2" [stack: 0x0000001b8ba00000,0x0000001b8bb00000] [id=13384]
  0x0000017b3ad0a800 GCTaskThread "GC Thread#3" [stack: 0x0000001b8bb00000,0x0000001b8bc00000] [id=2656]
  0x0000017b3a783800 GCTaskThread "GC Thread#4" [stack: 0x0000001b8bc00000,0x0000001b8bd00000] [id=7656]
  0x0000017b3ad52000 GCTaskThread "GC Thread#5" [stack: 0x0000001b8bd00000,0x0000001b8be00000] [id=9808]
  0x0000017b3bb38800 GCTaskThread "GC Thread#6" [stack: 0x0000001b8c100000,0x0000001b8c200000] [id=3868]
  0x0000017b3b9bd000 GCTaskThread "GC Thread#7" [stack: 0x0000001b8c200000,0x0000001b8c300000] [id=5136]
  0x0000017b13288800 ConcurrentGCThread "G1 Main Marker" [stack: 0x0000001b8a700000,0x0000001b8a800000] [id=3908]
  0x0000017b1328c000 ConcurrentGCThread "G1 Conc#0" [stack: 0x0000001b8a800000,0x0000001b8a900000] [id=9196]
  0x0000017b3b873000 ConcurrentGCThread "G1 Conc#1" [stack: 0x0000001b8c300000,0x0000001b8c400000] [id=8316]
  0x0000017b38d51000 ConcurrentGCThread "G1 Refine#0" [stack: 0x0000001b8a900000,0x0000001b8aa00000] [id=18724]
  0x0000017b38d58000 ConcurrentGCThread "G1 Young RemSet Sampling" [stack: 0x0000001b8aa00000,0x0000001b8ab00000] [id=12396]

Threads with active compile tasks:
C2 CompilerThread0    11857 2159   !   4       jdk.internal.loader.BuiltinClassLoader::loadClassOrNull (143 bytes)

VM state:not at safepoint (normal execution)

VM Mutex/Monitor currently owned by a thread: None

Heap address: 0x0000000701a00000, size: 4070 MB, Compressed Oops mode: Zero based, Oop shift amount: 3
Narrow klass base: 0x0000000800000000, Narrow klass shift: 0
Compressed class space size: 1073741824 Address: 0x0000000800000000

Heap:
 garbage-first heap   total 262144K, used 62853K [0x0000000701a00000, 0x0000000800000000)
  region size 1024K, 53 young (54272K), 3 survivors (3072K)
 Metaspace       used 27562K, capacity 28143K, committed 28288K, reserved 1075200K
  class space    used 3201K, capacity 3433K, committed 3456K, reserved 1048576K
Heap Regions: E=young(eden), S=young(survivor), O=old, HS=humongous(starts), HC=humongous(continues), CS=collection set, F=free, A=archive, TAMS=top-at-mark-start (previous, next)
|   0|0x0000000701a00000, 0x0000000701b00000, 0x0000000701b00000|100%|HS|  |TAMS 0x0000000701b00000, 0x0000000701a00000| Complete 
|   1|0x0000000701b00000, 0x0000000701c00000, 0x0000000701c00000|100%| O|  |TAMS 0x0000000701c00000, 0x0000000701b00000| Untracked 
|   2|0x0000000701c00000, 0x0000000701d00000, 0x0000000701d00000|100%| O|  |TAMS 0x0000000701d00000, 0x0000000701c00000| Untracked 
|   3|0x0000000701d00000, 0x0000000701e00000, 0x0000000701e00000|100%| O|  |TAMS 0x0000000701e00000, 0x0000000701d00000| Untracked 
|   4|0x0000000701e00000, 0x0000000701f00000, 0x0000000701f00000|100%| O|  |TAMS 0x0000000701f00000, 0x0000000701e00000| Untracked 
|   5|0x0000000701f00000, 0x0000000702000000, 0x0000000702000000|100%| O|  |TAMS 0x0000000702000000, 0x0000000701f00000| Untracked 
|   6|0x0000000702000000, 0x0000000702100000, 0x0000000702100000|100%| O|  |TAMS 0x0000000702100000, 0x0000000702000000| Untracked 
|   7|0x0000000702100000, 0x0000000702200000, 0x0000000702200000|100%| O|  |TAMS 0x0000000702200000, 0x0000000702100000| Untracked 
|   8|0x0000000702200000, 0x0000000702300000, 0x0000000702300000|100%| O|  |TAMS 0x0000000702300000, 0x0000000702200000| Untracked 
|   9|0x0000000702300000, 0x0000000702400000, 0x0000000702400000|100%| O|  |TAMS 0x0000000702400000, 0x0000000702300000| Untracked 
|  10|0x0000000702400000, 0x0000000702400000, 0x0000000702500000|  0%| F|  |TAMS 0x0000000702400000, 0x0000000702400000| Untracked 
|  11|0x0000000702500000, 0x0000000702500000, 0x0000000702600000|  0%| F|  |TAMS 0x0000000702500000, 0x0000000702500000| Untracked 
|  12|0x0000000702600000, 0x0000000702600000, 0x0000000702700000|  0%| F|  |TAMS 0x0000000702600000, 0x0000000702600000| Untracked 
|  13|0x0000000702700000, 0x0000000702700000, 0x0000000702800000|  0%| F|  |TAMS 0x0000000702700000, 0x0000000702700000| Untracked 
|  14|0x0000000702800000, 0x0000000702800000, 0x0000000702900000|  0%| F|  |TAMS 0x0000000702800000, 0x0000000702800000| Untracked 
|  15|0x0000000702900000, 0x0000000702900000, 0x0000000702a00000|  0%| F|  |TAMS 0x0000000702900000, 0x0000000702900000| Untracked 
|  16|0x0000000702a00000, 0x0000000702a00000, 0x0000000702b00000|  0%| F|  |TAMS 0x0000000702a00000, 0x0000000702a00000| Untracked 
|  17|0x0000000702b00000, 0x0000000702b00000, 0x0000000702c00000|  0%| F|  |TAMS 0x0000000702b00000, 0x0000000702b00000| Untracked 
|  18|0x0000000702c00000, 0x0000000702c00000, 0x0000000702d00000|  0%| F|  |TAMS 0x0000000702c00000, 0x0000000702c00000| Untracked 
|  19|0x0000000702d00000, 0x0000000702d00000, 0x0000000702e00000|  0%| F|  |TAMS 0x0000000702d00000, 0x0000000702d00000| Untracked 
|  20|0x0000000702e00000, 0x0000000702e00000, 0x0000000702f00000|  0%| F|  |TAMS 0x0000000702e00000, 0x0000000702e00000| Untracked 
|  21|0x0000000702f00000, 0x0000000702f00000, 0x0000000703000000|  0%| F|  |TAMS 0x0000000702f00000, 0x0000000702f00000| Untracked 
|  22|0x0000000703000000, 0x0000000703000000, 0x0000000703100000|  0%| F|  |TAMS 0x0000000703000000, 0x0000000703000000| Untracked 
|  23|0x0000000703100000, 0x0000000703100000, 0x0000000703200000|  0%| F|  |TAMS 0x0000000703100000, 0x0000000703100000| Untracked 
|  24|0x0000000703200000, 0x0000000703200000, 0x0000000703300000|  0%| F|  |TAMS 0x0000000703200000, 0x0000000703200000| Untracked 
|  25|0x0000000703300000, 0x0000000703300000, 0x0000000703400000|  0%| F|  |TAMS 0x0000000703300000, 0x0000000703300000| Untracked 
|  26|0x0000000703400000, 0x0000000703400000, 0x0000000703500000|  0%| F|  |TAMS 0x0000000703400000, 0x0000000703400000| Untracked 
|  27|0x0000000703500000, 0x0000000703500000, 0x0000000703600000|  0%| F|  |TAMS 0x0000000703500000, 0x0000000703500000| Untracked 
|  28|0x0000000703600000, 0x0000000703600000, 0x0000000703700000|  0%| F|  |TAMS 0x0000000703600000, 0x0000000703600000| Untracked 
|  29|0x0000000703700000, 0x0000000703700000, 0x0000000703800000|  0%| F|  |TAMS 0x0000000703700000, 0x0000000703700000| Untracked 
|  30|0x0000000703800000, 0x0000000703800000, 0x0000000703900000|  0%| F|  |TAMS 0x0000000703800000, 0x0000000703800000| Untracked 
|  31|0x0000000703900000, 0x0000000703900000, 0x0000000703a00000|  0%| F|  |TAMS 0x0000000703900000, 0x0000000703900000| Untracked 
|  32|0x0000000703a00000, 0x0000000703a00000, 0x0000000703b00000|  0%| F|  |TAMS 0x0000000703a00000, 0x0000000703a00000| Untracked 
|  33|0x0000000703b00000, 0x0000000703b00000, 0x0000000703c00000|  0%| F|  |TAMS 0x0000000703b00000, 0x0000000703b00000| Untracked 
|  34|0x0000000703c00000, 0x0000000703c00000, 0x0000000703d00000|  0%| F|  |TAMS 0x0000000703c00000, 0x0000000703c00000| Untracked 
|  35|0x0000000703d00000, 0x0000000703d00000, 0x0000000703e00000|  0%| F|  |TAMS 0x0000000703d00000, 0x0000000703d00000| Untracked 
|  36|0x0000000703e00000, 0x0000000703e00000, 0x0000000703f00000|  0%| F|  |TAMS 0x0000000703e00000, 0x0000000703e00000| Untracked 
|  37|0x0000000703f00000, 0x0000000703f00000, 0x0000000704000000|  0%| F|  |TAMS 0x0000000703f00000, 0x0000000703f00000| Untracked 
|  38|0x0000000704000000, 0x0000000704000000, 0x0000000704100000|  0%| F|  |TAMS 0x0000000704000000, 0x0000000704000000| Untracked 
|  39|0x0000000704100000, 0x0000000704100000, 0x0000000704200000|  0%| F|  |TAMS 0x0000000704100000, 0x0000000704100000| Untracked 
|  40|0x0000000704200000, 0x0000000704200000, 0x0000000704300000|  0%| F|  |TAMS 0x0000000704200000, 0x0000000704200000| Untracked 
|  41|0x0000000704300000, 0x0000000704300000, 0x0000000704400000|  0%| F|  |TAMS 0x0000000704300000, 0x0000000704300000| Untracked 
|  42|0x0000000704400000, 0x0000000704400000, 0x0000000704500000|  0%| F|  |TAMS 0x0000000704400000, 0x0000000704400000| Untracked 
|  43|0x0000000704500000, 0x0000000704500000, 0x0000000704600000|  0%| F|  |TAMS 0x0000000704500000, 0x0000000704500000| Untracked 
|  44|0x0000000704600000, 0x0000000704600000, 0x0000000704700000|  0%| F|  |TAMS 0x0000000704600000, 0x0000000704600000| Untracked 
|  45|0x0000000704700000, 0x0000000704700000, 0x0000000704800000|  0%| F|  |TAMS 0x0000000704700000, 0x0000000704700000| Untracked 
|  46|0x0000000704800000, 0x0000000704800000, 0x0000000704900000|  0%| F|  |TAMS 0x0000000704800000, 0x0000000704800000| Untracked 
|  47|0x0000000704900000, 0x0000000704900000, 0x0000000704a00000|  0%| F|  |TAMS 0x0000000704900000, 0x0000000704900000| Untracked 
|  48|0x0000000704a00000, 0x0000000704a00000, 0x0000000704b00000|  0%| F|  |TAMS 0x0000000704a00000, 0x0000000704a00000| Untracked 
|  49|0x0000000704b00000, 0x0000000704b00000, 0x0000000704c00000|  0%| F|  |TAMS 0x0000000704b00000, 0x0000000704b00000| Untracked 
|  50|0x0000000704c00000, 0x0000000704c00000, 0x0000000704d00000|  0%| F|  |TAMS 0x0000000704c00000, 0x0000000704c00000| Untracked 
|  51|0x0000000704d00000, 0x0000000704d00000, 0x0000000704e00000|  0%| F|  |TAMS 0x0000000704d00000, 0x0000000704d00000| Untracked 
|  52|0x0000000704e00000, 0x0000000704e00000, 0x0000000704f00000|  0%| F|  |TAMS 0x0000000704e00000, 0x0000000704e00000| Untracked 
|  53|0x0000000704f00000, 0x0000000704f00000, 0x0000000705000000|  0%| F|  |TAMS 0x0000000704f00000, 0x0000000704f00000| Untracked 
|  54|0x0000000705000000, 0x0000000705000000, 0x0000000705100000|  0%| F|  |TAMS 0x0000000705000000, 0x0000000705000000| Untracked 
|  55|0x0000000705100000, 0x0000000705100000, 0x0000000705200000|  0%| F|  |TAMS 0x0000000705100000, 0x0000000705100000| Untracked 
|  56|0x0000000705200000, 0x0000000705200000, 0x0000000705300000|  0%| F|  |TAMS 0x0000000705200000, 0x0000000705200000| Untracked 
|  57|0x0000000705300000, 0x0000000705300000, 0x0000000705400000|  0%| F|  |TAMS 0x0000000705300000, 0x0000000705300000| Untracked 
|  58|0x0000000705400000, 0x0000000705400000, 0x0000000705500000|  0%| F|  |TAMS 0x0000000705400000, 0x0000000705400000| Untracked 
|  59|0x0000000705500000, 0x0000000705500000, 0x0000000705600000|  0%| F|  |TAMS 0x0000000705500000, 0x0000000705500000| Untracked 
|  60|0x0000000705600000, 0x0000000705600000, 0x0000000705700000|  0%| F|  |TAMS 0x0000000705600000, 0x0000000705600000| Untracked 
|  61|0x0000000705700000, 0x0000000705700000, 0x0000000705800000|  0%| F|  |TAMS 0x0000000705700000, 0x0000000705700000| Untracked 
|  62|0x0000000705800000, 0x0000000705800000, 0x0000000705900000|  0%| F|  |TAMS 0x0000000705800000, 0x0000000705800000| Untracked 
|  63|0x0000000705900000, 0x0000000705900000, 0x0000000705a00000|  0%| F|  |TAMS 0x0000000705900000, 0x0000000705900000| Untracked 
|  64|0x0000000705a00000, 0x0000000705a00000, 0x0000000705b00000|  0%| F|  |TAMS 0x0000000705a00000, 0x0000000705a00000| Untracked 
|  65|0x0000000705b00000, 0x0000000705b00000, 0x0000000705c00000|  0%| F|  |TAMS 0x0000000705b00000, 0x0000000705b00000| Untracked 
|  66|0x0000000705c00000, 0x0000000705c00000, 0x0000000705d00000|  0%| F|  |TAMS 0x0000000705c00000, 0x0000000705c00000| Untracked 
|  67|0x0000000705d00000, 0x0000000705d00000, 0x0000000705e00000|  0%| F|  |TAMS 0x0000000705d00000, 0x0000000705d00000| Untracked 
|  68|0x0000000705e00000, 0x0000000705e00000, 0x0000000705f00000|  0%| F|  |TAMS 0x0000000705e00000, 0x0000000705e00000| Untracked 
|  69|0x0000000705f00000, 0x0000000705f00000, 0x0000000706000000|  0%| F|  |TAMS 0x0000000705f00000, 0x0000000705f00000| Untracked 
|  70|0x0000000706000000, 0x0000000706000000, 0x0000000706100000|  0%| F|  |TAMS 0x0000000706000000, 0x0000000706000000| Untracked 
|  71|0x0000000706100000, 0x0000000706100000, 0x0000000706200000|  0%| F|  |TAMS 0x0000000706100000, 0x0000000706100000| Untracked 
|  72|0x0000000706200000, 0x0000000706200000, 0x0000000706300000|  0%| F|  |TAMS 0x0000000706200000, 0x0000000706200000| Untracked 
|  73|0x0000000706300000, 0x0000000706300000, 0x0000000706400000|  0%| F|  |TAMS 0x0000000706300000, 0x0000000706300000| Untracked 
|  74|0x0000000706400000, 0x0000000706400000, 0x0000000706500000|  0%| F|  |TAMS 0x0000000706400000, 0x0000000706400000| Untracked 
|  75|0x0000000706500000, 0x0000000706500000, 0x0000000706600000|  0%| F|  |TAMS 0x0000000706500000, 0x0000000706500000| Untracked 
|  76|0x0000000706600000, 0x0000000706600000, 0x0000000706700000|  0%| F|  |TAMS 0x0000000706600000, 0x0000000706600000| Untracked 
|  77|0x0000000706700000, 0x0000000706700000, 0x0000000706800000|  0%| F|  |TAMS 0x0000000706700000, 0x0000000706700000| Untracked 
|  78|0x0000000706800000, 0x0000000706800000, 0x0000000706900000|  0%| F|  |TAMS 0x0000000706800000, 0x0000000706800000| Untracked 
|  79|0x0000000706900000, 0x0000000706900000, 0x0000000706a00000|  0%| F|  |TAMS 0x0000000706900000, 0x0000000706900000| Untracked 
|  80|0x0000000706a00000, 0x0000000706a00000, 0x0000000706b00000|  0%| F|  |TAMS 0x0000000706a00000, 0x0000000706a00000| Untracked 
|  81|0x0000000706b00000, 0x0000000706b00000, 0x0000000706c00000|  0%| F|  |TAMS 0x0000000706b00000, 0x0000000706b00000| Untracked 
|  82|0x0000000706c00000, 0x0000000706c00000, 0x0000000706d00000|  0%| F|  |TAMS 0x0000000706c00000, 0x0000000706c00000| Untracked 
|  83|0x0000000706d00000, 0x0000000706d00000, 0x0000000706e00000|  0%| F|  |TAMS 0x0000000706d00000, 0x0000000706d00000| Untracked 
|  84|0x0000000706e00000, 0x0000000706e00000, 0x0000000706f00000|  0%| F|  |TAMS 0x0000000706e00000, 0x0000000706e00000| Untracked 
|  85|0x0000000706f00000, 0x0000000706f00000, 0x0000000707000000|  0%| F|  |TAMS 0x0000000706f00000, 0x0000000706f00000| Untracked 
|  86|0x0000000707000000, 0x0000000707000000, 0x0000000707100000|  0%| F|  |TAMS 0x0000000707000000, 0x0000000707000000| Untracked 
|  87|0x0000000707100000, 0x0000000707100000, 0x0000000707200000|  0%| F|  |TAMS 0x0000000707100000, 0x0000000707100000| Untracked 
|  88|0x0000000707200000, 0x0000000707200000, 0x0000000707300000|  0%| F|  |TAMS 0x0000000707200000, 0x0000000707200000| Untracked 
|  89|0x0000000707300000, 0x0000000707300000, 0x0000000707400000|  0%| F|  |TAMS 0x0000000707300000, 0x0000000707300000| Untracked 
|  90|0x0000000707400000, 0x0000000707400000, 0x0000000707500000|  0%| F|  |TAMS 0x0000000707400000, 0x0000000707400000| Untracked 
|  91|0x0000000707500000, 0x0000000707500000, 0x0000000707600000|  0%| F|  |TAMS 0x0000000707500000, 0x0000000707500000| Untracked 
|  92|0x0000000707600000, 0x0000000707600000, 0x0000000707700000|  0%| F|  |TAMS 0x0000000707600000, 0x0000000707600000| Untracked 
|  93|0x0000000707700000, 0x0000000707700000, 0x0000000707800000|  0%| F|  |TAMS 0x0000000707700000, 0x0000000707700000| Untracked 
|  94|0x0000000707800000, 0x0000000707800000, 0x0000000707900000|  0%| F|  |TAMS 0x0000000707800000, 0x0000000707800000| Untracked 
|  95|0x0000000707900000, 0x0000000707900000, 0x0000000707a00000|  0%| F|  |TAMS 0x0000000707900000, 0x0000000707900000| Untracked 
|  96|0x0000000707a00000, 0x0000000707a00000, 0x0000000707b00000|  0%| F|  |TAMS 0x0000000707a00000, 0x0000000707a00000| Untracked 
|  97|0x0000000707b00000, 0x0000000707b00000, 0x0000000707c00000|  0%| F|  |TAMS 0x0000000707b00000, 0x0000000707b00000| Untracked 
|  98|0x0000000707c00000, 0x0000000707c00000, 0x0000000707d00000|  0%| F|  |TAMS 0x0000000707c00000, 0x0000000707c00000| Untracked 
|  99|0x0000000707d00000, 0x0000000707d00000, 0x0000000707e00000|  0%| F|  |TAMS 0x0000000707d00000, 0x0000000707d00000| Untracked 
| 100|0x0000000707e00000, 0x0000000707e00000, 0x0000000707f00000|  0%| F|  |TAMS 0x0000000707e00000, 0x0000000707e00000| Untracked 
| 101|0x0000000707f00000, 0x0000000707f00000, 0x0000000708000000|  0%| F|  |TAMS 0x0000000707f00000, 0x0000000707f00000| Untracked 
| 102|0x0000000708000000, 0x0000000708000000, 0x0000000708100000|  0%| F|  |TAMS 0x0000000708000000, 0x0000000708000000| Untracked 
| 103|0x0000000708100000, 0x0000000708100000, 0x0000000708200000|  0%| F|  |TAMS 0x0000000708100000, 0x0000000708100000| Untracked 
| 104|0x0000000708200000, 0x0000000708200000, 0x0000000708300000|  0%| F|  |TAMS 0x0000000708200000, 0x0000000708200000| Untracked 
| 105|0x0000000708300000, 0x0000000708300000, 0x0000000708400000|  0%| F|  |TAMS 0x0000000708300000, 0x0000000708300000| Untracked 
| 106|0x0000000708400000, 0x0000000708400000, 0x0000000708500000|  0%| F|  |TAMS 0x0000000708400000, 0x0000000708400000| Untracked 
| 107|0x0000000708500000, 0x0000000708500000, 0x0000000708600000|  0%| F|  |TAMS 0x0000000708500000, 0x0000000708500000| Untracked 
| 108|0x0000000708600000, 0x0000000708600000, 0x0000000708700000|  0%| F|  |TAMS 0x0000000708600000, 0x0000000708600000| Untracked 
| 109|0x0000000708700000, 0x0000000708700000, 0x0000000708800000|  0%| F|  |TAMS 0x0000000708700000, 0x0000000708700000| Untracked 
| 110|0x0000000708800000, 0x0000000708800000, 0x0000000708900000|  0%| F|  |TAMS 0x0000000708800000, 0x0000000708800000| Untracked 
| 111|0x0000000708900000, 0x0000000708900000, 0x0000000708a00000|  0%| F|  |TAMS 0x0000000708900000, 0x0000000708900000| Untracked 
| 112|0x0000000708a00000, 0x0000000708a00000, 0x0000000708b00000|  0%| F|  |TAMS 0x0000000708a00000, 0x0000000708a00000| Untracked 
| 113|0x0000000708b00000, 0x0000000708b00000, 0x0000000708c00000|  0%| F|  |TAMS 0x0000000708b00000, 0x0000000708b00000| Untracked 
| 114|0x0000000708c00000, 0x0000000708c00000, 0x0000000708d00000|  0%| F|  |TAMS 0x0000000708c00000, 0x0000000708c00000| Untracked 
| 115|0x0000000708d00000, 0x0000000708d00000, 0x0000000708e00000|  0%| F|  |TAMS 0x0000000708d00000, 0x0000000708d00000| Untracked 
| 116|0x0000000708e00000, 0x0000000708e00000, 0x0000000708f00000|  0%| F|  |TAMS 0x0000000708e00000, 0x0000000708e00000| Untracked 
| 117|0x0000000708f00000, 0x0000000708f00000, 0x0000000709000000|  0%| F|  |TAMS 0x0000000708f00000, 0x0000000708f00000| Untracked 
| 118|0x0000000709000000, 0x0000000709000000, 0x0000000709100000|  0%| F|  |TAMS 0x0000000709000000, 0x0000000709000000| Untracked 
| 119|0x0000000709100000, 0x0000000709100000, 0x0000000709200000|  0%| F|  |TAMS 0x0000000709100000, 0x0000000709100000| Untracked 
| 120|0x0000000709200000, 0x0000000709200000, 0x0000000709300000|  0%| F|  |TAMS 0x0000000709200000, 0x0000000709200000| Untracked 
| 121|0x0000000709300000, 0x0000000709300000, 0x0000000709400000|  0%| F|  |TAMS 0x0000000709300000, 0x0000000709300000| Untracked 
| 122|0x0000000709400000, 0x0000000709400000, 0x0000000709500000|  0%| F|  |TAMS 0x0000000709400000, 0x0000000709400000| Untracked 
| 123|0x0000000709500000, 0x0000000709500000, 0x0000000709600000|  0%| F|  |TAMS 0x0000000709500000, 0x0000000709500000| Untracked 
| 124|0x0000000709600000, 0x0000000709600000, 0x0000000709700000|  0%| F|  |TAMS 0x0000000709600000, 0x0000000709600000| Untracked 
| 125|0x0000000709700000, 0x0000000709700000, 0x0000000709800000|  0%| F|  |TAMS 0x0000000709700000, 0x0000000709700000| Untracked 
| 126|0x0000000709800000, 0x0000000709800000, 0x0000000709900000|  0%| F|  |TAMS 0x0000000709800000, 0x0000000709800000| Untracked 
| 127|0x0000000709900000, 0x0000000709900000, 0x0000000709a00000|  0%| F|  |TAMS 0x0000000709900000, 0x0000000709900000| Untracked 
| 128|0x0000000709a00000, 0x0000000709a00000, 0x0000000709b00000|  0%| F|  |TAMS 0x0000000709a00000, 0x0000000709a00000| Untracked 
| 129|0x0000000709b00000, 0x0000000709b00000, 0x0000000709c00000|  0%| F|  |TAMS 0x0000000709b00000, 0x0000000709b00000| Untracked 
| 130|0x0000000709c00000, 0x0000000709c00000, 0x0000000709d00000|  0%| F|  |TAMS 0x0000000709c00000, 0x0000000709c00000| Untracked 
| 131|0x0000000709d00000, 0x0000000709d00000, 0x0000000709e00000|  0%| F|  |TAMS 0x0000000709d00000, 0x0000000709d00000| Untracked 
| 132|0x0000000709e00000, 0x0000000709e00000, 0x0000000709f00000|  0%| F|  |TAMS 0x0000000709e00000, 0x0000000709e00000| Untracked 
| 133|0x0000000709f00000, 0x0000000709f00000, 0x000000070a000000|  0%| F|  |TAMS 0x0000000709f00000, 0x0000000709f00000| Untracked 
| 134|0x000000070a000000, 0x000000070a000000, 0x000000070a100000|  0%| F|  |TAMS 0x000000070a000000, 0x000000070a000000| Untracked 
| 135|0x000000070a100000, 0x000000070a100000, 0x000000070a200000|  0%| F|  |TAMS 0x000000070a100000, 0x000000070a100000| Untracked 
| 136|0x000000070a200000, 0x000000070a200000, 0x000000070a300000|  0%| F|  |TAMS 0x000000070a200000, 0x000000070a200000| Untracked 
| 137|0x000000070a300000, 0x000000070a300000, 0x000000070a400000|  0%| F|  |TAMS 0x000000070a300000, 0x000000070a300000| Untracked 
| 138|0x000000070a400000, 0x000000070a400000, 0x000000070a500000|  0%| F|  |TAMS 0x000000070a400000, 0x000000070a400000| Untracked 
| 139|0x000000070a500000, 0x000000070a500000, 0x000000070a600000|  0%| F|  |TAMS 0x000000070a500000, 0x000000070a500000| Untracked 
| 140|0x000000070a600000, 0x000000070a600000, 0x000000070a700000|  0%| F|  |TAMS 0x000000070a600000, 0x000000070a600000| Untracked 
| 141|0x000000070a700000, 0x000000070a700000, 0x000000070a800000|  0%| F|  |TAMS 0x000000070a700000, 0x000000070a700000| Untracked 
| 142|0x000000070a800000, 0x000000070a800000, 0x000000070a900000|  0%| F|  |TAMS 0x000000070a800000, 0x000000070a800000| Untracked 
| 143|0x000000070a900000, 0x000000070a900000, 0x000000070aa00000|  0%| F|  |TAMS 0x000000070a900000, 0x000000070a900000| Untracked 
| 144|0x000000070aa00000, 0x000000070aa00000, 0x000000070ab00000|  0%| F|  |TAMS 0x000000070aa00000, 0x000000070aa00000| Untracked 
| 145|0x000000070ab00000, 0x000000070ab00000, 0x000000070ac00000|  0%| F|  |TAMS 0x000000070ab00000, 0x000000070ab00000| Untracked 
| 146|0x000000070ac00000, 0x000000070ac00000, 0x000000070ad00000|  0%| F|  |TAMS 0x000000070ac00000, 0x000000070ac00000| Untracked 
| 147|0x000000070ad00000, 0x000000070ad00000, 0x000000070ae00000|  0%| F|  |TAMS 0x000000070ad00000, 0x000000070ad00000| Untracked 
| 148|0x000000070ae00000, 0x000000070ae00000, 0x000000070af00000|  0%| F|  |TAMS 0x000000070ae00000, 0x000000070ae00000| Untracked 
| 149|0x000000070af00000, 0x000000070af00000, 0x000000070b000000|  0%| F|  |TAMS 0x000000070af00000, 0x000000070af00000| Untracked 
| 150|0x000000070b000000, 0x000000070b000000, 0x000000070b100000|  0%| F|  |TAMS 0x000000070b000000, 0x000000070b000000| Untracked 
| 151|0x000000070b100000, 0x000000070b100000, 0x000000070b200000|  0%| F|  |TAMS 0x000000070b100000, 0x000000070b100000| Untracked 
| 152|0x000000070b200000, 0x000000070b200000, 0x000000070b300000|  0%| F|  |TAMS 0x000000070b200000, 0x000000070b200000| Untracked 
| 153|0x000000070b300000, 0x000000070b300000, 0x000000070b400000|  0%| F|  |TAMS 0x000000070b300000, 0x000000070b300000| Untracked 
| 154|0x000000070b400000, 0x000000070b400000, 0x000000070b500000|  0%| F|  |TAMS 0x000000070b400000, 0x000000070b400000| Untracked 
| 155|0x000000070b500000, 0x000000070b500000, 0x000000070b600000|  0%| F|  |TAMS 0x000000070b500000, 0x000000070b500000| Untracked 
| 156|0x000000070b600000, 0x000000070b600000, 0x000000070b700000|  0%| F|  |TAMS 0x000000070b600000, 0x000000070b600000| Untracked 
| 157|0x000000070b700000, 0x000000070b700000, 0x000000070b800000|  0%| F|  |TAMS 0x000000070b700000, 0x000000070b700000| Untracked 
| 158|0x000000070b800000, 0x000000070b800000, 0x000000070b900000|  0%| F|  |TAMS 0x000000070b800000, 0x000000070b800000| Untracked 
| 159|0x000000070b900000, 0x000000070b900000, 0x000000070ba00000|  0%| F|  |TAMS 0x000000070b900000, 0x000000070b900000| Untracked 
| 160|0x000000070ba00000, 0x000000070ba00000, 0x000000070bb00000|  0%| F|  |TAMS 0x000000070ba00000, 0x000000070ba00000| Untracked 
| 161|0x000000070bb00000, 0x000000070bb00000, 0x000000070bc00000|  0%| F|  |TAMS 0x000000070bb00000, 0x000000070bb00000| Untracked 
| 162|0x000000070bc00000, 0x000000070bc00000, 0x000000070bd00000|  0%| F|  |TAMS 0x000000070bc00000, 0x000000070bc00000| Untracked 
| 163|0x000000070bd00000, 0x000000070bd00000, 0x000000070be00000|  0%| F|  |TAMS 0x000000070bd00000, 0x000000070bd00000| Untracked 
| 164|0x000000070be00000, 0x000000070be00000, 0x000000070bf00000|  0%| F|  |TAMS 0x000000070be00000, 0x000000070be00000| Untracked 
| 165|0x000000070bf00000, 0x000000070bf00000, 0x000000070c000000|  0%| F|  |TAMS 0x000000070bf00000, 0x000000070bf00000| Untracked 
| 166|0x000000070c000000, 0x000000070c000000, 0x000000070c100000|  0%| F|  |TAMS 0x000000070c000000, 0x000000070c000000| Untracked 
| 167|0x000000070c100000, 0x000000070c100000, 0x000000070c200000|  0%| F|  |TAMS 0x000000070c100000, 0x000000070c100000| Untracked 
| 168|0x000000070c200000, 0x000000070c200000, 0x000000070c300000|  0%| F|  |TAMS 0x000000070c200000, 0x000000070c200000| Untracked 
| 169|0x000000070c300000, 0x000000070c300000, 0x000000070c400000|  0%| F|  |TAMS 0x000000070c300000, 0x000000070c300000| Untracked 
| 170|0x000000070c400000, 0x000000070c400000, 0x000000070c500000|  0%| F|  |TAMS 0x000000070c400000, 0x000000070c400000| Untracked 
| 171|0x000000070c500000, 0x000000070c500000, 0x000000070c600000|  0%| F|  |TAMS 0x000000070c500000, 0x000000070c500000| Untracked 
| 172|0x000000070c600000, 0x000000070c600000, 0x000000070c700000|  0%| F|  |TAMS 0x000000070c600000, 0x000000070c600000| Untracked 
| 173|0x000000070c700000, 0x000000070c700000, 0x000000070c800000|  0%| F|  |TAMS 0x000000070c700000, 0x000000070c700000| Untracked 
| 174|0x000000070c800000, 0x000000070c800000, 0x000000070c900000|  0%| F|  |TAMS 0x000000070c800000, 0x000000070c800000| Untracked 
| 175|0x000000070c900000, 0x000000070c900000, 0x000000070ca00000|  0%| F|  |TAMS 0x000000070c900000, 0x000000070c900000| Untracked 
| 176|0x000000070ca00000, 0x000000070ca00000, 0x000000070cb00000|  0%| F|  |TAMS 0x000000070ca00000, 0x000000070ca00000| Untracked 
| 177|0x000000070cb00000, 0x000000070cb00000, 0x000000070cc00000|  0%| F|  |TAMS 0x000000070cb00000, 0x000000070cb00000| Untracked 
| 178|0x000000070cc00000, 0x000000070cc00000, 0x000000070cd00000|  0%| F|  |TAMS 0x000000070cc00000, 0x000000070cc00000| Untracked 
| 179|0x000000070cd00000, 0x000000070cd00000, 0x000000070ce00000|  0%| F|  |TAMS 0x000000070cd00000, 0x000000070cd00000| Untracked 
| 180|0x000000070ce00000, 0x000000070ce00000, 0x000000070cf00000|  0%| F|  |TAMS 0x000000070ce00000, 0x000000070ce00000| Untracked 
| 181|0x000000070cf00000, 0x000000070cf00000, 0x000000070d000000|  0%| F|  |TAMS 0x000000070cf00000, 0x000000070cf00000| Untracked 
| 182|0x000000070d000000, 0x000000070d000000, 0x000000070d100000|  0%| F|  |TAMS 0x000000070d000000, 0x000000070d000000| Untracked 
| 183|0x000000070d100000, 0x000000070d100000, 0x000000070d200000|  0%| F|  |TAMS 0x000000070d100000, 0x000000070d100000| Untracked 
| 184|0x000000070d200000, 0x000000070d200000, 0x000000070d300000|  0%| F|  |TAMS 0x000000070d200000, 0x000000070d200000| Untracked 
| 185|0x000000070d300000, 0x000000070d300000, 0x000000070d400000|  0%| F|  |TAMS 0x000000070d300000, 0x000000070d300000| Untracked 
| 186|0x000000070d400000, 0x000000070d400000, 0x000000070d500000|  0%| F|  |TAMS 0x000000070d400000, 0x000000070d400000| Untracked 
| 187|0x000000070d500000, 0x000000070d500000, 0x000000070d600000|  0%| F|  |TAMS 0x000000070d500000, 0x000000070d500000| Untracked 
| 188|0x000000070d600000, 0x000000070d600000, 0x000000070d700000|  0%| F|  |TAMS 0x000000070d600000, 0x000000070d600000| Untracked 
| 189|0x000000070d700000, 0x000000070d700000, 0x000000070d800000|  0%| F|  |TAMS 0x000000070d700000, 0x000000070d700000| Untracked 
| 190|0x000000070d800000, 0x000000070d800000, 0x000000070d900000|  0%| F|  |TAMS 0x000000070d800000, 0x000000070d800000| Untracked 
| 191|0x000000070d900000, 0x000000070d900000, 0x000000070da00000|  0%| F|  |TAMS 0x000000070d900000, 0x000000070d900000| Untracked 
| 192|0x000000070da00000, 0x000000070da00000, 0x000000070db00000|  0%| F|  |TAMS 0x000000070da00000, 0x000000070da00000| Untracked 
| 193|0x000000070db00000, 0x000000070db00000, 0x000000070dc00000|  0%| F|  |TAMS 0x000000070db00000, 0x000000070db00000| Untracked 
| 194|0x000000070dc00000, 0x000000070dc00000, 0x000000070dd00000|  0%| F|  |TAMS 0x000000070dc00000, 0x000000070dc00000| Untracked 
| 195|0x000000070dd00000, 0x000000070dd00000, 0x000000070de00000|  0%| F|  |TAMS 0x000000070dd00000, 0x000000070dd00000| Untracked 
| 196|0x000000070de00000, 0x000000070de00000, 0x000000070df00000|  0%| F|  |TAMS 0x000000070de00000, 0x000000070de00000| Untracked 
| 197|0x000000070df00000, 0x000000070df00000, 0x000000070e000000|  0%| F|  |TAMS 0x000000070df00000, 0x000000070df00000| Untracked 
| 198|0x000000070e000000, 0x000000070e000000, 0x000000070e100000|  0%| F|  |TAMS 0x000000070e000000, 0x000000070e000000| Untracked 
| 199|0x000000070e100000, 0x000000070e100000, 0x000000070e200000|  0%| F|  |TAMS 0x000000070e100000, 0x000000070e100000| Untracked 
| 200|0x000000070e200000, 0x000000070e200000, 0x000000070e300000|  0%| F|  |TAMS 0x000000070e200000, 0x000000070e200000| Untracked 
| 201|0x000000070e300000, 0x000000070e300000, 0x000000070e400000|  0%| F|  |TAMS 0x000000070e300000, 0x000000070e300000| Untracked 
| 202|0x000000070e400000, 0x000000070e400000, 0x000000070e500000|  0%| F|  |TAMS 0x000000070e400000, 0x000000070e400000| Untracked 
| 203|0x000000070e500000, 0x000000070e580800, 0x000000070e600000| 50%| E|  |TAMS 0x000000070e500000, 0x000000070e500000| Complete 
| 204|0x000000070e600000, 0x000000070e700000, 0x000000070e700000|100%| E|CS|TAMS 0x000000070e600000, 0x000000070e600000| Complete 
| 205|0x000000070e700000, 0x000000070e800000, 0x000000070e800000|100%| E|CS|TAMS 0x000000070e700000, 0x000000070e700000| Complete 
| 206|0x000000070e800000, 0x000000070e900000, 0x000000070e900000|100%| E|CS|TAMS 0x000000070e800000, 0x000000070e800000| Complete 
| 207|0x000000070e900000, 0x000000070e9615c0, 0x000000070ea00000| 38%| S|CS|TAMS 0x000000070e900000, 0x000000070e900000| Complete 
| 208|0x000000070ea00000, 0x000000070eb00000, 0x000000070eb00000|100%| S|CS|TAMS 0x000000070ea00000, 0x000000070ea00000| Complete 
| 209|0x000000070eb00000, 0x000000070ec00000, 0x000000070ec00000|100%| S|CS|TAMS 0x000000070eb00000, 0x000000070eb00000| Complete 
| 210|0x000000070ec00000, 0x000000070ed00000, 0x000000070ed00000|100%| E|CS|TAMS 0x000000070ec00000, 0x000000070ec00000| Complete 
| 211|0x000000070ed00000, 0x000000070ee00000, 0x000000070ee00000|100%| E|CS|TAMS 0x000000070ed00000, 0x000000070ed00000| Complete 
| 212|0x000000070ee00000, 0x000000070ef00000, 0x000000070ef00000|100%| E|CS|TAMS 0x000000070ee00000, 0x000000070ee00000| Complete 
| 213|0x000000070ef00000, 0x000000070f000000, 0x000000070f000000|100%| E|CS|TAMS 0x000000070ef00000, 0x000000070ef00000| Complete 
| 214|0x000000070f000000, 0x000000070f100000, 0x000000070f100000|100%| E|CS|TAMS 0x000000070f000000, 0x000000070f000000| Complete 
| 215|0x000000070f100000, 0x000000070f200000, 0x000000070f200000|100%| E|CS|TAMS 0x000000070f100000, 0x000000070f100000| Complete 
| 216|0x000000070f200000, 0x000000070f300000, 0x000000070f300000|100%| E|CS|TAMS 0x000000070f200000, 0x000000070f200000| Complete 
| 217|0x000000070f300000, 0x000000070f400000, 0x000000070f400000|100%| E|CS|TAMS 0x000000070f300000, 0x000000070f300000| Complete 
| 218|0x000000070f400000, 0x000000070f500000, 0x000000070f500000|100%| E|CS|TAMS 0x000000070f400000, 0x000000070f400000| Complete 
| 219|0x000000070f500000, 0x000000070f600000, 0x000000070f600000|100%| E|CS|TAMS 0x000000070f500000, 0x000000070f500000| Complete 
| 220|0x000000070f600000, 0x000000070f700000, 0x000000070f700000|100%| E|CS|TAMS 0x000000070f600000, 0x000000070f600000| Complete 
| 221|0x000000070f700000, 0x000000070f800000, 0x000000070f800000|100%| E|CS|TAMS 0x000000070f700000, 0x000000070f700000| Complete 
| 222|0x000000070f800000, 0x000000070f900000, 0x000000070f900000|100%| E|CS|TAMS 0x000000070f800000, 0x000000070f800000| Complete 
| 223|0x000000070f900000, 0x000000070fa00000, 0x000000070fa00000|100%| E|CS|TAMS 0x000000070f900000, 0x000000070f900000| Complete 
| 224|0x000000070fa00000, 0x000000070fb00000, 0x000000070fb00000|100%| E|CS|TAMS 0x000000070fa00000, 0x000000070fa00000| Complete 
| 225|0x000000070fb00000, 0x000000070fc00000, 0x000000070fc00000|100%| E|CS|TAMS 0x000000070fb00000, 0x000000070fb00000| Complete 
| 226|0x000000070fc00000, 0x000000070fd00000, 0x000000070fd00000|100%| E|CS|TAMS 0x000000070fc00000, 0x000000070fc00000| Complete 
| 227|0x000000070fd00000, 0x000000070fe00000, 0x000000070fe00000|100%| E|CS|TAMS 0x000000070fd00000, 0x000000070fd00000| Complete 
| 228|0x000000070fe00000, 0x000000070ff00000, 0x000000070ff00000|100%| E|CS|TAMS 0x000000070fe00000, 0x000000070fe00000| Complete 
| 229|0x000000070ff00000, 0x0000000710000000, 0x0000000710000000|100%| E|CS|TAMS 0x000000070ff00000, 0x000000070ff00000| Complete 
| 230|0x0000000710000000, 0x0000000710100000, 0x0000000710100000|100%| E|CS|TAMS 0x0000000710000000, 0x0000000710000000| Complete 
| 231|0x0000000710100000, 0x0000000710200000, 0x0000000710200000|100%| E|CS|TAMS 0x0000000710100000, 0x0000000710100000| Complete 
| 232|0x0000000710200000, 0x0000000710300000, 0x0000000710300000|100%| E|CS|TAMS 0x0000000710200000, 0x0000000710200000| Complete 
| 233|0x0000000710300000, 0x0000000710400000, 0x0000000710400000|100%| E|CS|TAMS 0x0000000710300000, 0x0000000710300000| Complete 
| 234|0x0000000710400000, 0x0000000710500000, 0x0000000710500000|100%| E|CS|TAMS 0x0000000710400000, 0x0000000710400000| Complete 
| 235|0x0000000710500000, 0x0000000710600000, 0x0000000710600000|100%| E|CS|TAMS 0x0000000710500000, 0x0000000710500000| Complete 
| 236|0x0000000710600000, 0x0000000710700000, 0x0000000710700000|100%| E|CS|TAMS 0x0000000710600000, 0x0000000710600000| Complete 
| 237|0x0000000710700000, 0x0000000710800000, 0x0000000710800000|100%| E|CS|TAMS 0x0000000710700000, 0x0000000710700000| Complete 
| 238|0x0000000710800000, 0x0000000710900000, 0x0000000710900000|100%| E|CS|TAMS 0x0000000710800000, 0x0000000710800000| Complete 
| 239|0x0000000710900000, 0x0000000710a00000, 0x0000000710a00000|100%| E|CS|TAMS 0x0000000710900000, 0x0000000710900000| Complete 
| 240|0x0000000710a00000, 0x0000000710b00000, 0x0000000710b00000|100%| E|CS|TAMS 0x0000000710a00000, 0x0000000710a00000| Complete 
| 241|0x0000000710b00000, 0x0000000710c00000, 0x0000000710c00000|100%| E|CS|TAMS 0x0000000710b00000, 0x0000000710b00000| Complete 
| 242|0x0000000710c00000, 0x0000000710d00000, 0x0000000710d00000|100%| E|CS|TAMS 0x0000000710c00000, 0x0000000710c00000| Complete 
| 243|0x0000000710d00000, 0x0000000710e00000, 0x0000000710e00000|100%| E|CS|TAMS 0x0000000710d00000, 0x0000000710d00000| Complete 
| 244|0x0000000710e00000, 0x0000000710f00000, 0x0000000710f00000|100%| E|CS|TAMS 0x0000000710e00000, 0x0000000710e00000| Complete 
| 245|0x0000000710f00000, 0x0000000711000000, 0x0000000711000000|100%| E|CS|TAMS 0x0000000710f00000, 0x0000000710f00000| Complete 
| 246|0x0000000711000000, 0x0000000711100000, 0x0000000711100000|100%| E|CS|TAMS 0x0000000711000000, 0x0000000711000000| Complete 
| 247|0x0000000711100000, 0x0000000711200000, 0x0000000711200000|100%| E|CS|TAMS 0x0000000711100000, 0x0000000711100000| Complete 
| 248|0x0000000711200000, 0x0000000711300000, 0x0000000711300000|100%| E|CS|TAMS 0x0000000711200000, 0x0000000711200000| Complete 
| 249|0x0000000711300000, 0x0000000711400000, 0x0000000711400000|100%| E|CS|TAMS 0x0000000711300000, 0x0000000711300000| Complete 
| 250|0x0000000711400000, 0x0000000711500000, 0x0000000711500000|100%| E|CS|TAMS 0x0000000711400000, 0x0000000711400000| Complete 
| 251|0x0000000711500000, 0x0000000711600000, 0x0000000711600000|100%| E|CS|TAMS 0x0000000711500000, 0x0000000711500000| Complete 
| 252|0x0000000711600000, 0x0000000711700000, 0x0000000711700000|100%| E|CS|TAMS 0x0000000711600000, 0x0000000711600000| Complete 
| 253|0x0000000711700000, 0x0000000711800000, 0x0000000711800000|100%| E|CS|TAMS 0x0000000711700000, 0x0000000711700000| Complete 
| 254|0x0000000711800000, 0x0000000711900000, 0x0000000711900000|100%| E|CS|TAMS 0x0000000711800000, 0x0000000711800000| Complete 
| 255|0x0000000711900000, 0x0000000711a00000, 0x0000000711a00000|100%| E|CS|TAMS 0x0000000711900000, 0x0000000711900000| Complete 

Card table byte_map: [0x0000017b2d3b0000,0x0000017b2dbb0000] _byte_map_base: 0x0000017b29ba3000

Marking Bits (Prev, Next): (CMBitMap*) 0x0000017b13275f70, (CMBitMap*) 0x0000017b13275f38
 Prev Bits: [0x0000017b32350000, 0x0000017b362e8000)
 Next Bits: [0x0000017b2e3b0000, 0x0000017b32348000)

Polling page: 0x0000017b132e0000

Metaspace:

Usage:
  Non-class:     24.13 MB capacity,    23.79 MB ( 99%) used,   276.63 KB (  1%) free+waste,    72.13 KB ( <1%) overhead. 
      Class:      3.35 MB capacity,     3.13 MB ( 93%) used,   196.54 KB (  6%) free+waste,    35.00 KB (  1%) overhead. 
       Both:     27.48 MB capacity,    26.92 MB ( 98%) used,   473.17 KB (  2%) free+waste,   107.13 KB ( <1%) overhead. 

Virtual space:
  Non-class space:       26.00 MB reserved,      24.25 MB ( 93%) committed 
      Class space:        1.00 GB reserved,       3.38 MB ( <1%) committed 
             Both:        1.03 GB reserved,      27.63 MB (  3%) committed 

Chunk freelists:
   Non-Class:  58.00 KB
       Class:  23.00 KB
        Both:  81.00 KB

MaxMetaspaceSize: 17179869184.00 GB
CompressedClassSpaceSize: 1.00 GB
Initial GC threshold: 20.80 MB
Current GC threshold: 35.00 MB
CDS: off

CodeHeap 'non-profiled nmethods': size=120000Kb used=1114Kb max_used=1114Kb free=118885Kb
 bounds [0x0000017b24c20000, 0x0000017b24e90000, 0x0000017b2c150000]
CodeHeap 'profiled nmethods': size=120000Kb used=4492Kb max_used=4492Kb free=115507Kb
 bounds [0x0000017b1d6f0000, 0x0000017b1db60000, 0x0000017b24c20000]
CodeHeap 'non-nmethods': size=5760Kb used=1185Kb max_used=1218Kb free=4574Kb
 bounds [0x0000017b1d150000, 0x0000017b1d3c0000, 0x0000017b1d6f0000]
 total_blobs=2690 nmethods=2245 adapters=357
 compilation: enabled
              stopped_count=0, restarted_count=0
 full_count=0

Compilation events (20 events):
Event: 11.778 Thread 0x0000017b39787800 2235       3       java.lang.Class::isEnum (27 bytes)
Event: 11.779 Thread 0x0000017b39787800 nmethod 2235 0x0000017b1db3b210 code [0x0000017b1db3b3e0, 0x0000017b1db3b5f8]
Event: 11.779 Thread 0x0000017b39787800 2236       3       java.lang.reflect.ProxyGenerator::checkReturnTypes (295 bytes)
Event: 11.783 Thread 0x0000017b39787800 nmethod 2236 0x0000017b1db3b690 code [0x0000017b1db3bc20, 0x0000017b1db3e898]
Event: 11.783 Thread 0x0000017b39787800 2238       3       java.lang.reflect.ProxyGenerator$ProxyMethod::generateMethod (733 bytes)
Event: 11.786 Thread 0x0000017b3a1ba800 2243       4       java.nio.ByteBuffer::limit (8 bytes)
Event: 11.788 Thread 0x0000017b3a1ba800 nmethod 2243 0x0000017b24d36510 code [0x0000017b24d366a0, 0x0000017b24d36778]
Event: 11.797 Thread 0x0000017b39787800 nmethod 2238 0x0000017b1db3f710 code [0x0000017b1db404a0, 0x0000017b1db49428]
Event: 11.797 Thread 0x0000017b39787800 2239       3       java.util.EnumSet::of (51 bytes)
Event: 11.798 Thread 0x0000017b39787800 nmethod 2239 0x0000017b1db4cb10 code [0x0000017b1db4cd20, 0x0000017b1db4d1d8]
Event: 11.798 Thread 0x0000017b39787800 2244       3       sun.reflect.annotation.AnnotationParser::toArray (18 bytes)
Event: 11.798 Thread 0x0000017b39787800 nmethod 2244 0x0000017b1db4d410 code [0x0000017b1db4d5e0, 0x0000017b1db4d978]
Event: 11.798 Thread 0x0000017b39787800 2240       3       java.lang.invoke.LambdaForm$MH/0x00000008000bb440::linkToTargetMethod (15 bytes)
Event: 11.799 Thread 0x0000017b39787800 nmethod 2240 0x0000017b1db4da90 code [0x0000017b1db4dc60, 0x0000017b1db4e0f8]
Event: 11.799 Thread 0x0000017b39787800 2241       3       java.lang.invoke.LambdaForm$DMH/0x00000008000bbc40::invokeStatic (22 bytes)
Event: 11.799 Thread 0x0000017b39787800 nmethod 2241 0x0000017b1db4e210 code [0x0000017b1db4e3e0, 0x0000017b1db4e978]
Event: 11.799 Thread 0x0000017b39787800 2242       3       org.springframework.util.ConcurrentReferenceHashMap$Segment$$Lambda$30/0x00000008000bb840::get$Lambda (14 bytes)
Event: 11.799 Thread 0x0000017b39787800 nmethod 2242 0x0000017b1db4ea90 code [0x0000017b1db4ec60, 0x0000017b1db4ef98]
Event: 11.799 Thread 0x0000017b39787800 2237       3       java.lang.reflect.ProxyGenerator$FieldInfo::<init> (44 bytes)
Event: 11.800 Thread 0x0000017b39787800 nmethod 2237 0x0000017b1db4f090 code [0x0000017b1db4f2c0, 0x0000017b1db4f8d8]

GC Heap History (6 events):
Event: 9.055 GC heap before
{Heap before GC invocations=0 (full 0):
 garbage-first heap   total 262144K, used 24576K [0x0000000701a00000, 0x0000000800000000)
  region size 1024K, 24 young (24576K), 0 survivors (0K)
 Metaspace       used 10868K, capacity 11042K, committed 11136K, reserved 1058816K
  class space    used 1008K, capacity 1061K, committed 1152K, reserved 1048576K
}
Event: 9.062 GC heap after
{Heap after GC invocations=1 (full 0):
 garbage-first heap   total 262144K, used 10044K [0x0000000701a00000, 0x0000000800000000)
  region size 1024K, 3 young (3072K), 3 survivors (3072K)
 Metaspace       used 10868K, capacity 11042K, committed 11136K, reserved 1058816K
  class space    used 1008K, capacity 1061K, committed 1152K, reserved 1048576K
}
Event: 9.501 GC heap before
{Heap before GC invocations=1 (full 0):
 garbage-first heap   total 262144K, used 27452K [0x0000000701a00000, 0x0000000800000000)
  region size 1024K, 20 young (20480K), 3 survivors (3072K)
 Metaspace       used 13446K, capacity 13694K, committed 13824K, reserved 1060864K
  class space    used 1328K, capacity 1420K, committed 1536K, reserved 1048576K
}
Event: 9.505 GC heap after
{Heap after GC invocations=2 (full 0):
 garbage-first heap   total 262144K, used 10926K [0x0000000701a00000, 0x0000000800000000)
  region size 1024K, 1 young (1024K), 1 survivors (1024K)
 Metaspace       used 13446K, capacity 13694K, committed 13824K, reserved 1060864K
  class space    used 1328K, capacity 1420K, committed 1536K, reserved 1048576K
}
Event: 10.715 GC heap before
{Heap before GC invocations=2 (full 0):
 garbage-first heap   total 262144K, used 55982K [0x0000000701a00000, 0x0000000800000000)
  region size 1024K, 46 young (47104K), 1 survivors (1024K)
 Metaspace       used 20717K, capacity 21162K, committed 21248K, reserved 1069056K
  class space    used 2283K, capacity 2485K, committed 2560K, reserved 1048576K
}
Event: 10.721 GC heap after
{Heap after GC invocations=3 (full 0):
 garbage-first heap   total 262144K, used 12677K [0x0000000701a00000, 0x0000000800000000)
  region size 1024K, 3 young (3072K), 3 survivors (3072K)
 Metaspace       used 20717K, capacity 21162K, committed 21248K, reserved 1069056K
  class space    used 2283K, capacity 2485K, committed 2560K, reserved 1048576K
}

Deoptimization events (20 events):
Event: 11.011 Thread 0x0000017b3b874000 Uncommon trap: trap_request=0xffffffc6 fr.pc=0x0000017b24ce6234 relative=0x0000000000000a94
Event: 11.011 Thread 0x0000017b3b874000 Uncommon trap: reason=bimorphic_or_optimized_type_check action=maybe_recompile pc=0x0000017b24ce6234 method=java.util.HashMap.putVal(ILjava/lang/Object;Ljava/lang/Object;ZZ)Ljava/lang/Object; @ 203 c2
Event: 11.011 Thread 0x0000017b3b874000 DEOPT PACKING pc=0x0000017b24ce6234 sp=0x0000001b8c0fe940
Event: 11.011 Thread 0x0000017b3b874000 DEOPT UNPACKING pc=0x0000017b1d19a1af sp=0x0000001b8c0fe8e0 mode 2
Event: 11.015 Thread 0x0000017b3b874000 Uncommon trap: trap_request=0xffffffc6 fr.pc=0x0000017b24ce6234 relative=0x0000000000000a94
Event: 11.015 Thread 0x0000017b3b874000 Uncommon trap: reason=bimorphic_or_optimized_type_check action=maybe_recompile pc=0x0000017b24ce6234 method=java.util.HashMap.putVal(ILjava/lang/Object;Ljava/lang/Object;ZZ)Ljava/lang/Object; @ 203 c2
Event: 11.015 Thread 0x0000017b3b874000 DEOPT PACKING pc=0x0000017b24ce6234 sp=0x0000001b8c0fe9d0
Event: 11.015 Thread 0x0000017b3b874000 DEOPT UNPACKING pc=0x0000017b1d19a1af sp=0x0000001b8c0fe970 mode 2
Event: 11.018 Thread 0x0000017b3b874000 Uncommon trap: trap_request=0xffffffc6 fr.pc=0x0000017b24ce6234 relative=0x0000000000000a94
Event: 11.018 Thread 0x0000017b3b874000 Uncommon trap: reason=bimorphic_or_optimized_type_check action=maybe_recompile pc=0x0000017b24ce6234 method=java.util.HashMap.putVal(ILjava/lang/Object;Ljava/lang/Object;ZZ)Ljava/lang/Object; @ 203 c2
Event: 11.018 Thread 0x0000017b3b874000 DEOPT PACKING pc=0x0000017b24ce6234 sp=0x0000001b8c0fe860
Event: 11.018 Thread 0x0000017b3b874000 DEOPT UNPACKING pc=0x0000017b1d19a1af sp=0x0000001b8c0fe800 mode 2
Event: 11.535 Thread 0x0000017b3b874000 Uncommon trap: trap_request=0xffffff4d fr.pc=0x0000017b24c9f4c8 relative=0x00000000000004a8
Event: 11.535 Thread 0x0000017b3b874000 Uncommon trap: reason=unstable_if action=reinterpret pc=0x0000017b24c9f4c8 method=jdk.internal.org.objectweb.asm.Type.getArgumentsAndReturnSizes(Ljava/lang/String;)I @ 47 c2
Event: 11.535 Thread 0x0000017b3b874000 DEOPT PACKING pc=0x0000017b24c9f4c8 sp=0x0000001b8c0fc1f0
Event: 11.535 Thread 0x0000017b3b874000 DEOPT UNPACKING pc=0x0000017b1d19a1af sp=0x0000001b8c0fc180 mode 2
Event: 11.535 Thread 0x0000017b3b874000 Uncommon trap: trap_request=0xffffff4d fr.pc=0x0000017b24d1ed2c relative=0x00000000000039ec
Event: 11.536 Thread 0x0000017b3b874000 Uncommon trap: reason=unstable_if action=reinterpret pc=0x0000017b24d1ed2c method=jdk.internal.org.objectweb.asm.Frame.push(Ljdk/internal/org/objectweb/asm/ClassWriter;Ljava/lang/String;)V @ 18 c2
Event: 11.536 Thread 0x0000017b3b874000 DEOPT PACKING pc=0x0000017b24d1ed2c sp=0x0000001b8c0fc1f0
Event: 11.536 Thread 0x0000017b3b874000 DEOPT UNPACKING pc=0x0000017b1d19a1af sp=0x0000001b8c0fc110 mode 2

Classes redefined (0 events):
No events

Internal exceptions (20 events):
Event: 10.841 Thread 0x0000017b39f23800 Exception <a 'java/lang/ClassNotFoundException'{0x00000007112dcb98}: org/springframework/core/OrderedCustomizer> (0x00000007112dcb98) thrown at [./src/hotspot/share/classfile/systemDictionary.cpp, line 230]
Event: 10.842 Thread 0x0000017b39f23800 Exception <a 'java/lang/ClassNotFoundException'{0x00000007111733e8}: org/springframework/context/ResourceLoaderAwareCustomizer> (0x00000007111733e8) thrown at [./src/hotspot/share/classfile/systemDictionary.cpp, line 230]
Event: 10.844 Thread 0x0000017b39f23800 Exception <a 'java/lang/ClassNotFoundException'{0x0000000711188258}: org/springframework/beans/factory/AwareCustomizer> (0x0000000711188258) thrown at [./src/hotspot/share/classfile/systemDictionary.cpp, line 230]
Event: 10.845 Thread 0x0000017b39f23800 Exception <a 'java/lang/ClassNotFoundException'{0x000000071119eac8}: org/springframework/context/ApplicationStartupAwareCustomizer> (0x000000071119eac8) thrown at [./src/hotspot/share/classfile/systemDictionary.cpp, line 230]
Event: 10.847 Thread 0x0000017b39f23800 Exception <a 'java/lang/ClassNotFoundException'{0x00000007111b3bb0}: org/springframework/beans/factory/AwareCustomizer> (0x00000007111b3bb0) thrown at [./src/hotspot/share/classfile/systemDictionary.cpp, line 230]
Event: 10.848 Thread 0x0000017b39f23800 Exception <a 'java/lang/ClassNotFoundException'{0x00000007111cab00}: org/springframework/beans/factory/BeanClassLoaderAwareCustomizer> (0x00000007111cab00) thrown at [./src/hotspot/share/classfile/systemDictionary.cpp, line 230]
Event: 10.850 Thread 0x0000017b39f23800 Exception <a 'java/lang/ClassNotFoundException'{0x00000007111df988}: org/springframework/beans/factory/AwareCustomizer> (0x00000007111df988) thrown at [./src/hotspot/share/classfile/systemDictionary.cpp, line 230]
Event: 10.851 Thread 0x0000017b39f23800 Exception <a 'java/lang/ClassNotFoundException'{0x0000000711074e78}: org/springframework/context/EnvironmentAwareCustomizer> (0x0000000711074e78) thrown at [./src/hotspot/share/classfile/systemDictionary.cpp, line 230]
Event: 10.852 Thread 0x0000017b39f23800 Exception <a 'java/lang/ClassNotFoundException'{0x0000000711089c78}: org/springframework/beans/factory/AwareCustomizer> (0x0000000711089c78) thrown at [./src/hotspot/share/classfile/systemDictionary.cpp, line 230]
Event: 10.893 Thread 0x0000017b39f23800 Exception <a 'java/lang/NoSuchMethodError'{0x0000000710c9b198}: 'java.lang.Object java.lang.invoke.DirectMethodHandle$Holder.invokeVirtual(java.lang.Object, java.lang.Object, java.lang.Object)'> (0x0000000710c9b198) thrown at [./src/hotspot/share/interpreter/linkResolver.cpp, line 773]
Event: 11.060 Thread 0x0000017b3b874000 Exception <a 'java/lang/NoSuchMethodError'{0x00000007102fd058}: 'java.lang.Object java.lang.invoke.DirectMethodHandle$Holder.invokeStaticInit(java.lang.Object, java.lang.Object, java.lang.Object, java.lang.Object, java.lang.Object)'> (0x00000007102fd058) thrown at [./src/hotspot/share/interpreter/linkResolver.cpp, line 773]
Event: 11.075 Thread 0x0000017b3b874000 Exception <a 'java/lang/NoSuchMethodError'{0x0000000710169040}: 'java.lang.Object java.lang.invoke.DirectMethodHandle$Holder.invokeSpecial(java.lang.Object, java.lang.Object, int, int, java.lang.Object, java.lang.Object, java.lang.Object)'> (0x0000000710169040) thrown at [./src/hotspot/share/interpreter/linkResolver.cpp, line 773]
Event: 11.076 Thread 0x0000017b3b874000 Exception <a 'java/lang/NoSuchMethodError'{0x000000071016c5d0}: 'java.lang.Object java.lang.invoke.DelegatingMethodHandle$Holder.reinvoke_L(java.lang.Object, int, int, java.lang.Object, java.lang.Object, java.lang.Object)'> (0x000000071016c5d0) thrown at [./src/hotspot/share/interpreter/linkResolver.cpp, line 773]
Event: 11.076 Thread 0x0000017b3b874000 Exception <a 'java/lang/NoSuchMethodError'{0x00000007101704b0}: 'java.lang.Object java.lang.invoke.DirectMethodHandle$Holder.invokeStatic(java.lang.Object, java.lang.Object, java.lang.Object, java.lang.Object, int)'> (0x00000007101704b0) thrown at [./src/hotspot/share/interpreter/linkResolver.cpp, line 773]
Event: 11.535 Thread 0x0000017b3b874000 Exception <a 'java/lang/NoSuchMethodError'{0x000000070ecf5328}: 'long java.lang.invoke.DirectMethodHandle$Holder.invokeSpecial(java.lang.Object, java.lang.Object)'> (0x000000070ecf5328) thrown at [./src/hotspot/share/interpreter/linkResolver.cpp, line 773]
Event: 11.542 Thread 0x0000017b3b874000 Exception <a 'java/lang/NoSuchMethodError'{0x000000070ecff678}: 'long java.lang.invoke.DirectMethodHandle$Holder.invokeStatic(java.lang.Object, java.lang.Object)'> (0x000000070ecff678) thrown at [./src/hotspot/share/interpreter/linkResolver.cpp, line 773]
Event: 11.543 Thread 0x0000017b3b874000 Exception <a 'java/lang/NoSuchMethodError'{0x000000070e802960}: 'long java.lang.invoke.DirectMethodHandle$Holder.invokeStaticInit(java.lang.Object, java.lang.Object)'> (0x000000070e802960) thrown at [./src/hotspot/share/interpreter/linkResolver.cpp, line 773]
Event: 11.546 Thread 0x0000017b3b874000 Exception <a 'java/lang/NoSuchMethodError'{0x000000070e80ee20}: 'long java.lang.invoke.DirectMethodHandle$Holder.invokeInterface(java.lang.Object, java.lang.Object)'> (0x000000070e80ee20) thrown at [./src/hotspot/share/interpreter/linkResolver.cpp, line 773]
Event: 11.547 Thread 0x0000017b3b874000 Exception <a 'java/lang/IncompatibleClassChangeError'{0x000000070e811bb8}: Found class java.lang.Object, but interface was expected> (0x000000070e811bb8) thrown at [./src/hotspot/share/interpreter/linkResolver.cpp, line 839]
Event: 11.572 Thread 0x0000017b3b874000 Exception <a 'java/lang/NoSuchMethodError'{0x000000070e8c2290}: 'java.lang.Object java.lang.invoke.DirectMethodHandle$Holder.invokeVirtual(java.lang.Object, java.lang.Object, java.lang.Object, java.lang.Object)'> (0x000000070e8c2290) thrown at [./src/hotspot/share/interpreter/linkResolver.cpp, line 773]

Events (20 events):
Event: 11.759 loading class io/swagger/v3/oas/annotations/media/SchemaProperty
Event: 11.759 loading class io/swagger/v3/oas/annotations/media/SchemaProperty done
Event: 11.760 loading class io/swagger/v3/oas/annotations/headers/Header
Event: 11.760 loading class io/swagger/v3/oas/annotations/headers/Header done
Event: 11.767 loading class io/swagger/v3/oas/annotations/media/SchemaProperties
Event: 11.767 loading class io/swagger/v3/oas/annotations/media/SchemaProperties done
Event: 11.769 loading class io/swagger/v3/oas/annotations/Parameters
Event: 11.769 loading class io/swagger/v3/oas/annotations/Parameters done
Event: 11.770 loading class io/swagger/v3/oas/annotations/links/Link
Event: 11.770 loading class io/swagger/v3/oas/annotations/links/Link done
Event: 11.771 loading class io/swagger/v3/oas/annotations/links/LinkParameter
Event: 11.771 loading class io/swagger/v3/oas/annotations/links/LinkParameter done
Event: 11.773 loading class io/swagger/v3/oas/annotations/responses/ApiResponses
Event: 11.773 loading class io/swagger/v3/oas/annotations/responses/ApiResponses done
Event: 11.776 loading class org/springframework/web/bind/annotation/GetMapping
Event: 11.776 loading class org/springframework/web/bind/annotation/GetMapping done
Event: 11.783 loading class org/springframework/web/bind/annotation/PostMapping
Event: 11.783 loading class org/springframework/web/bind/annotation/PostMapping done
Event: 11.789 loading class org/springframework/web/bind/annotation/PutMapping
Event: 11.789 loading class org/springframework/web/bind/annotation/PutMapping done


Dynamic libraries:
0x00007ff7a0dd0000 - 0x00007ff7a0ddd000 	C:\Users\gosma\.jdks\corretto-11.0.15\bin\java.exe
0x00007ffdfad40000 - 0x00007ffdfaf49000 	C:\WINDOWS\SYSTEM32\ntdll.dll
0x00007ffdfa480000 - 0x00007ffdfa53e000 	C:\WINDOWS\System32\KERNEL32.DLL
0x00007ffdf8730000 - 0x00007ffdf8ab4000 	C:\WINDOWS\System32\KERNELBASE.dll
0x00007ffdf8350000 - 0x00007ffdf8461000 	C:\WINDOWS\System32\ucrtbase.dll
0x00007ffde11b0000 - 0x00007ffde11c7000 	C:\Users\gosma\.jdks\corretto-11.0.15\bin\jli.dll
0x00007ffdfa540000 - 0x00007ffdfa6ed000 	C:\WINDOWS\System32\USER32.dll
0x00007ffdded30000 - 0x00007ffdded49000 	C:\Users\gosma\.jdks\corretto-11.0.15\bin\VCRUNTIME140.dll
0x00007ffdf8700000 - 0x00007ffdf8726000 	C:\WINDOWS\System32\win32u.dll
0x00007ffdccf30000 - 0x00007ffdcd1d5000 	C:\WINDOWS\WinSxS\amd64_microsoft.windows.common-controls_6595b64144ccf1df_6.0.22000.120_none_9d947278b86cc467\COMCTL32.dll
0x00007ffdf8e80000 - 0x00007ffdf8eaa000 	C:\WINDOWS\System32\GDI32.dll
0x00007ffdf9d50000 - 0x00007ffdf9df3000 	C:\WINDOWS\System32\msvcrt.dll
0x00007ffdf8470000 - 0x00007ffdf858f000 	C:\WINDOWS\System32\gdi32full.dll
0x00007ffdf82b0000 - 0x00007ffdf834d000 	C:\WINDOWS\System32\msvcp_win.dll
0x00007ffdf97d0000 - 0x00007ffdf9801000 	C:\WINDOWS\System32\IMM32.DLL
0x00007ffddced0000 - 0x00007ffddcf6b000 	C:\Users\gosma\.jdks\corretto-11.0.15\bin\msvcp140.dll
0x00007ffd877a0000 - 0x00007ffd88323000 	C:\Users\gosma\.jdks\corretto-11.0.15\bin\server\jvm.dll
0x00007ffdf9810000 - 0x00007ffdf98bf000 	C:\WINDOWS\System32\ADVAPI32.dll
0x00007ffdf8de0000 - 0x00007ffdf8e7e000 	C:\WINDOWS\System32\sechost.dll
0x00007ffdf9e00000 - 0x00007ffdf9f21000 	C:\WINDOWS\System32\RPCRT4.dll
0x00007ffdfa700000 - 0x00007ffdfa708000 	C:\WINDOWS\System32\PSAPI.DLL
0x00007ffdd7b10000 - 0x00007ffdd7b19000 	C:\WINDOWS\SYSTEM32\WSOCK32.dll
0x00007ffdfaaf0000 - 0x00007ffdfab5f000 	C:\WINDOWS\System32\WS2_32.dll
0x00007ffde2f00000 - 0x00007ffde2f33000 	C:\WINDOWS\SYSTEM32\WINMM.dll
0x00007ffdea050000 - 0x00007ffdea05a000 	C:\WINDOWS\SYSTEM32\VERSION.dll
0x00007ffdf7230000 - 0x00007ffdf7248000 	C:\WINDOWS\SYSTEM32\kernel.appcore.dll
0x00007ffdea320000 - 0x00007ffdea330000 	C:\Users\gosma\.jdks\corretto-11.0.15\bin\verify.dll
0x00007ffdf5d90000 - 0x00007ffdf5fb1000 	C:\WINDOWS\SYSTEM32\DBGHELP.DLL
0x00007ffde32b0000 - 0x00007ffde32e1000 	C:\WINDOWS\SYSTEM32\dbgcore.DLL
0x00007ffdf8b30000 - 0x00007ffdf8baf000 	C:\WINDOWS\System32\bcryptPrimitives.dll
0x00007ffddcea0000 - 0x00007ffddcec8000 	C:\Users\gosma\.jdks\corretto-11.0.15\bin\java.dll
0x00007ffdde3a0000 - 0x00007ffdde3aa000 	C:\Users\gosma\.jdks\corretto-11.0.15\bin\jimage.dll
0x00007ffddde40000 - 0x00007ffddde4e000 	C:\Users\gosma\.jdks\corretto-11.0.15\bin\instrument.dll
0x00007ffddce80000 - 0x00007ffddce98000 	C:\Users\gosma\.jdks\corretto-11.0.15\bin\zip.dll
0x00007ffdf8fe0000 - 0x00007ffdf97a5000 	C:\WINDOWS\System32\SHELL32.dll
0x00007ffdf6130000 - 0x00007ffdf6994000 	C:\WINDOWS\SYSTEM32\windows.storage.dll
0x00007ffdf9f30000 - 0x00007ffdfa2a6000 	C:\WINDOWS\System32\combase.dll
0x00007ffdf5fc0000 - 0x00007ffdf6127000 	C:\WINDOWS\SYSTEM32\wintypes.dll
0x00007ffdfa7c0000 - 0x00007ffdfa8aa000 	C:\WINDOWS\System32\SHCORE.dll
0x00007ffdfa8c0000 - 0x00007ffdfa91d000 	C:\WINDOWS\System32\shlwapi.dll
0x00007ffdf8120000 - 0x00007ffdf8141000 	C:\WINDOWS\SYSTEM32\profapi.dll
0x00007ffddce60000 - 0x00007ffddce79000 	C:\Users\gosma\.jdks\corretto-11.0.15\bin\net.dll
0x00007ffdf0130000 - 0x00007ffdf0243000 	C:\WINDOWS\SYSTEM32\WINHTTP.dll
0x00007ffdf76c0000 - 0x00007ffdf7727000 	C:\WINDOWS\system32\mswsock.dll
0x00007ffddce40000 - 0x00007ffddce53000 	C:\Users\gosma\.jdks\corretto-11.0.15\bin\nio.dll
0x00007ffddce20000 - 0x00007ffddce3a000 	C:\Program Files\JetBrains\IntelliJ IDEA Community Edition 2021.1.3\bin\breakgen64.dll
0x00007ffdddb70000 - 0x00007ffdddb79000 	C:\Users\gosma\.jdks\corretto-11.0.15\bin\management.dll
0x00007ffddda60000 - 0x00007ffddda6b000 	C:\Users\gosma\.jdks\corretto-11.0.15\bin\management_ext.dll
0x00007ffdd78b0000 - 0x00007ffdd78c7000 	C:\WINDOWS\system32\napinsp.dll
0x00007ffdd7890000 - 0x00007ffdd78ab000 	C:\WINDOWS\system32\pnrpnsp.dll
0x00007ffdf6d80000 - 0x00007ffdf6e68000 	C:\WINDOWS\SYSTEM32\DNSAPI.dll
0x00007ffdf6d50000 - 0x00007ffdf6d7d000 	C:\WINDOWS\SYSTEM32\IPHLPAPI.DLL
0x00007ffdfa6f0000 - 0x00007ffdfa6f9000 	C:\WINDOWS\System32\NSI.dll
0x00007ffdd7870000 - 0x00007ffdd7882000 	C:\WINDOWS\System32\winrnr.dll
0x00007ffdeb3a0000 - 0x00007ffdeb3b5000 	C:\WINDOWS\system32\wshbth.dll
0x00007ffdd7850000 - 0x00007ffdd786f000 	C:\WINDOWS\system32\nlansp_c.dll
0x00007ffde3750000 - 0x00007ffde375a000 	C:\Windows\System32\rasadhlp.dll
0x00007ffdeb310000 - 0x00007ffdeb392000 	C:\WINDOWS\System32\fwpuclnt.dll

dbghelp: loaded successfully - version: 4.0.5 - missing functions: none
symbol engine: initialized successfully - sym options: 0x614 - pdb path: .;C:\Users\gosma\.jdks\corretto-11.0.15\bin;C:\WINDOWS\SYSTEM32;C:\WINDOWS\WinSxS\amd64_microsoft.windows.common-controls_6595b64144ccf1df_6.0.22000.120_none_9d947278b86cc467;C:\Users\gosma\.jdks\corretto-11.0.15\bin\server;C:\Program Files\JetBrains\IntelliJ IDEA Community Edition 2021.1.3\bin

VM Arguments:
jvm_args: -javaagent:C:\Program Files\JetBrains\IntelliJ IDEA Community Edition 2021.1.3\lib\idea_rt.jar=55845:C:\Program Files\JetBrains\IntelliJ IDEA Community Edition 2021.1.3\bin -Dfile.encoding=UTF-8 
java_command: com.hospital.management.ManagementApplication
java_class_path (initial): E:\hm\hospital-management\hm-be\target\classes;C:\Users\gosma\.m2\repository\org\springframework\boot\spring-boot-starter-data-jpa\2.6.8\spring-boot-starter-data-jpa-2.6.8.jar;C:\Users\gosma\.m2\repository\org\springframework\boot\spring-boot-starter-aop\2.6.8\spring-boot-starter-aop-2.6.8.jar;C:\Users\gosma\.m2\repository\org\aspectj\aspectjweaver\1.9.7\aspectjweaver-1.9.7.jar;C:\Users\gosma\.m2\repository\org\springframework\boot\spring-boot-starter-jdbc\2.6.8\spring-boot-starter-jdbc-2.6.8.jar;C:\Users\gosma\.m2\repository\com\zaxxer\HikariCP\4.0.3\HikariCP-4.0.3.jar;C:\Users\gosma\.m2\repository\org\springframework\spring-jdbc\5.3.20\spring-jdbc-5.3.20.jar;C:\Users\gosma\.m2\repository\jakarta\transaction\jakarta.transaction-api\1.3.3\jakarta.transaction-api-1.3.3.jar;C:\Users\gosma\.m2\repository\jakarta\persistence\jakarta.persistence-api\2.2.3\jakarta.persistence-api-2.2.3.jar;C:\Users\gosma\.m2\repository\org\hibernate\hibernate-core\5.6.9.Final\hibernate-core-5.6.9.Final.jar;C:\Users\gosma\.m2\repository\net\bytebuddy\byte-buddy\1.11.22\byte-buddy-1.11.22.jar;C:\Users\gosma\.m2\repository\antlr\antlr\2.7.7\antlr-2.7.7.jar;C:\Users\gosma\.m2\repository\org\jboss\jandex\2.4.2.Final\jandex-2.4.2.Final.jar;C:\Users\gosma\.m2\repository\org\hibernate\common\hibernate-commons-annotations\5.1.2.Final\hibernate-commons-annotations-5.1.2.Final.jar;C:\Users\gosma\.m2\repository\org\glassfish\jaxb\jaxb-runtime\2.3.6\jaxb-runtime-2.3.6.jar;C:\Users\gosma\.m2\repository\org\glassfish\jaxb\txw2\2.3.6\txw2-2.3.6.jar;C:\Users\gosma\.m2\repository\com\sun\istack\istack-commons-runtime\3.0.12\istack-commons-runtime-3.0.12.jar;C:\Users\gosma\.m2\repository\org\springframework\data\spring-data-jpa\2.6.4\spring-data-jpa-2.6.4.jar;C:\Users\gosma\.m2\repository\org\springframework\data\spring-data-commons\2.6.4\spring-data-commons-2.6.4.jar;C:\Users\gosma\.m2\repository\org\springframework\spring-orm\5.3.20\spring-orm-5.3.20.jar;C:\Users\gosma\.m2\rep
Launcher Type: SUN_STANDARD

[Global flags]
     intx CICompilerCount                          = 4                                         {product} {ergonomic}
     uint ConcGCThreads                            = 2                                         {product} {ergonomic}
     uint G1ConcRefinementThreads                  = 8                                         {product} {ergonomic}
   size_t G1HeapRegionSize                         = 1048576                                   {product} {ergonomic}
    uintx GCDrainStackTargetSize                   = 64                                        {product} {ergonomic}
   size_t InitialHeapSize                          = 268435456                                 {product} {ergonomic}
   size_t MarkStackSize                            = 4194304                                   {product} {ergonomic}
   size_t MaxHeapSize                              = 4267704320                                {product} {ergonomic}
   size_t MaxNewSize                               = 2560622592                                {product} {ergonomic}
   size_t MinHeapDeltaBytes                        = 1048576                                   {product} {ergonomic}
    uintx NonNMethodCodeHeapSize                   = 5836300                                {pd product} {ergonomic}
    uintx NonProfiledCodeHeapSize                  = 122910970                              {pd product} {ergonomic}
    uintx ProfiledCodeHeapSize                     = 122910970                              {pd product} {ergonomic}
    uintx ReservedCodeCacheSize                    = 251658240                              {pd product} {ergonomic}
     bool SegmentedCodeCache                       = true                                      {product} {ergonomic}
     bool UseCompressedClassPointers               = true                                 {lp64_product} {ergonomic}
     bool UseCompressedOops                        = true                                 {lp64_product} {ergonomic}
     bool UseG1GC                                  = true                                      {product} {ergonomic}
     bool UseLargePagesIndividualAllocation        = false                                  {pd product} {ergonomic}

Logging:
Log output configuration:
 #0: stdout all=warning uptime,level,tags
 #1: stderr all=off uptime,level,tags

Environment Variables:
JAVA_HOME=C:\Program Files\Amazon Corretto\jdk11.0.14_10
CLASSPATH=E:\orcle\app\oracle\product\11.2.0\server\jdbc\lib;.;C:\jfreechart-1.0.1\lib\jcommon-1.0.0.jar;C:\jfreechart-1.0.1\lib\jfreechart-1.0.1;E:\jv\PALab11\ojdbc8.jar;C:\Program Files\PostgreSQL\14\lib;
PATH=C:\Program Files\Amazon Corretto\jdk11.0.14_10\bin;E:\orcle\app\oracle\product\11.2.0\server\bin;C:\Program Files (x86)\Common Files\Oracle\Java\javapath;C:\WINDOWS\system32;C:\WINDOWS;C:\WINDOWS\System32\Wbem;C:\WINDOWS\System32\WindowsPowerShell\v1.0\;C:\xampp\php;C:\composer;C:\Program Files\Git\cmd;C:\Program Files\Java\jdk1.8.0_281\bin;C:\Gradle\gradle-6.8.3\bin;C:\WINDOWS\System32\OpenSSH\;C:\Program Files\PuTTY\;C:\Program Files\Docker\Docker\resources\bin;C:\ProgramData\DockerDesktop\version-bin;C:\Program Files\PostgreSQL\14\lib;C:\Program Files\PostgreSQL\14\bin;C:\Program Files\dotnet\;C:\Maven\apache-maven-3.8.5\bin;C:\Program Files (x86)\Microsoft SQL Server\160\DTS\Binn\;C:\Program Files\Azure Data Studio\bin;C:\Program Files\Java\jdk-14.0.2\bin;C:\Program Files\nodejs\;C:\Users\gosma\AppData\Local\Microsoft\WindowsApps;;C:\Users\gosma\AppData\Local\Programs\Microsoft VS Code\bin;C:\Users\gosma\AppData\Roaming\Composer\vendor\bin;C:\Program Files\JetBrains\IntelliJ IDEA 2021.1.1\bin;;C:\Users\gosma\.dotnet\tools;C:\Program Files\JetBrains\IntelliJ IDEA Community Edition 2021.1.3\bin;;C:\Program Files\Azure Data Studio\bin;C:\Users\gosma\AppData\Roaming\npm
USERNAME=gosma
OS=Windows_NT
PROCESSOR_IDENTIFIER=Intel64 Family 6 Model 142 Stepping 10, GenuineIntel



---------------  S Y S T E M  ---------------

OS: Windows 11 , 64 bit Build 22000 (10.0.22000.1880)
OS uptime: 19 days 4:27 hours
Hyper-V role detected

CPU:total 8 (initial active 8) (4 cores per cpu, 2 threads per core) family 6 model 142 stepping 10 microcode 0xf0, cmov, cx8, fxsr, mmx, sse, sse2, sse3, ssse3, sse4.1, sse4.2, popcnt, avx, avx2, aes, clmul, erms, 3dnowpref, lzcnt, ht, tsc, tscinvbit, bmi1, bmi2, adx, fma

Memory: 4k page, system-wide physical 16275M (2652M free)
TotalPageFile size 23818M (AvailPageFile size 5M)
current process WorkingSet (physical memory assigned to process): 165M, peak: 165M
current process commit charge ("private bytes"): 402M, peak: 404M

vm_info: OpenJDK 64-Bit Server VM (11.0.15+9-LTS) for windows-amd64 JRE (11.0.15+9-LTS), built on Apr 15 2022 22:20:31 by "Administrator" with unknown MS VC++:1916

END.
